Terminals unused in grammar

   Operator
   Operator_ref
   Operator_deref
   Keyword
   Keyword_signed
   Keyword_unsigned
   Keyword_case
   Keyword_default
   Keyword_if
   Keyword_else
   Keyword_switch
   Keyword_while
   Keyword_do
   Keyword_for
   Keyword_continue
   Keyword_break
   Keyword_return
   Punctuator
   Punctuator_eol
   Punctuator_cur_open
   Punctuator_cur_close


Grammar

    0 $accept: ROOT $end

    1 primary_EXPR: Identifier
    2             | Constant
    3             | String
    4             | Punctuator_par_open EXPR Punctuator_par_close

    5 Constant: Constant_int
    6         | Constant_char
    7         | Constant_double
    8         | Constant_float
    9         | Constant_long_double

   10 postfix_EXPR: primary_EXPR
   11             | postfix_EXPR Punctuator_squ_open EXPR Punctuator_squ_close
   12             | postfix_EXPR Punctuator_par_open Punctuator_par_close
   13             | postfix_EXPR Punctuator_par_open argument_EXPR_list Punctuator_par_close
   14             | postfix_EXPR Operator_access Identifier
   15             | postfix_EXPR Operator_deref_access Identifier
   16             | postfix_EXPR Operator_addadd
   17             | postfix_EXPR Operator_subsub

   18 argument_EXPR_list: assignment_EXPR
   19                   | argument_EXPR_list Operator_comma assignment_EXPR

   20 unary_EXPR: postfix_EXPR
   21           | Operator_addadd unary_EXPR
   22           | Operator_subsub unary_EXPR
   23           | unary_operator cast_EXPR
   24           | Operator_sizeof unary_EXPR
   25           | Operator_sizeof Punctuator_par_open type_name Punctuator_par_close

   26 unary_operator: Operator_bit_and
   27               | Operator_mul
   28               | Operator_add
   29               | Operator_sub
   30               | Operator_bit_not
   31               | Operator_not

   32 type_name: Keyword_void
   33          | Keyword_char
   34          | Keyword_short
   35          | Keyword_int
   36          | Keyword_long
   37          | Keyword_float
   38          | Keyword_double

   39 cast_EXPR: unary_EXPR
   40          | Punctuator_par_open type_name Punctuator_par_close cast_EXPR

   41 multiplicative_EXPR: cast_EXPR
   42                    | multiplicative_EXPR Operator_mul cast_EXPR
   43                    | multiplicative_EXPR Operator_div cast_EXPR
   44                    | multiplicative_EXPR Operator_mod cast_EXPR

   45 additive_EXPR: multiplicative_EXPR
   46              | additive_EXPR Operator_add multiplicative_EXPR
   47              | additive_EXPR Operator_sub multiplicative_EXPR

   48 shift_EXPR: additive_EXPR
   49           | shift_EXPR Operator_sl additive_EXPR
   50           | shift_EXPR Operator_sr additive_EXPR

   51 relational_EXPR: shift_EXPR
   52                | relational_EXPR Operator_less shift_EXPR
   53                | relational_EXPR Operator_greater shift_EXPR
   54                | relational_EXPR Operator_less_equal shift_EXPR
   55                | relational_EXPR Operator_greater_equal shift_EXPR

   56 equality_EXPR: relational_EXPR
   57              | equality_EXPR Operator_equal relational_EXPR
   58              | equality_EXPR Operator_not_equal relational_EXPR

   59 BIT_AND_EXPR: equality_EXPR
   60             | BIT_AND_EXPR Operator_bit_and equality_EXPR

   61 BIT_XBIT_OR_EXPR: BIT_AND_EXPR
   62                 | BIT_XBIT_OR_EXPR Operator_bit_xor BIT_AND_EXPR

   63 BIT_OR_EXPR: BIT_XBIT_OR_EXPR
   64            | BIT_OR_EXPR Operator_bit_or BIT_XBIT_OR_EXPR

   65 LOGIC_AND_EXPR: BIT_OR_EXPR
   66               | LOGIC_AND_EXPR Operator_and BIT_OR_EXPR

   67 LOGIC_OR_EXPR: LOGIC_AND_EXPR
   68              | LOGIC_OR_EXPR Operator_or LOGIC_AND_EXPR

   69 conditional_EXPR: LOGIC_OR_EXPR
   70                 | LOGIC_OR_EXPR Operator_trinary_question EXPR Operator_trinary_choice conditional_EXPR

   71 assignment_EXPR: conditional_EXPR
   72                | unary_EXPR assignment assignment_EXPR

   73 assignment: Operator_assign
   74           | Operator_mul_assign
   75           | Operator_div_assign
   76           | Operator_mod_assign
   77           | Operator_add_assign
   78           | Operator_sub_assign
   79           | Operator_sl_assign
   80           | Operator_sr_assign
   81           | Operator_and_assign
   82           | Operator_xor_assign
   83           | Operator_or_assign

   84 EXPR: assignment_EXPR
   85     | EXPR Operator_comma assignment_EXPR

   86 ROOT: EXPR


Terminals, with rules where they appear

$end (0) 0
error (256)
Constant_int (258) 5
Constant_char (259) 6
Constant_double (260) 7
Constant_float (261) 8
Constant_long_double (262) 9
String (263) 3
Identifier (264) 1 14 15
Operator (265)
Operator_add (266) 28 46
Operator_sub (267) 29 47
Operator_addadd (268) 16 21
Operator_subsub (269) 17 22
Operator_mul (270) 27 42
Operator_div (271) 43
Operator_mod (272) 44
Operator_and (273) 66
Operator_or (274) 68
Operator_not (275) 31
Operator_assign (276) 73
Operator_equal (277) 57
Operator_not_equal (278) 58
Operator_greater (279) 53
Operator_less (280) 52
Operator_greater_equal (281) 55
Operator_less_equal (282) 54
Operator_bit_and (283) 26 60
Operator_bit_or (284) 64
Operator_bit_not (285) 30
Operator_bit_xor (286) 62
Operator_sl (287) 49
Operator_sr (288) 50
Operator_add_assign (289) 77
Operator_sub_assign (290) 78
Operator_mul_assign (291) 74
Operator_div_assign (292) 75
Operator_mod_assign (293) 76
Operator_and_assign (294) 81
Operator_or_assign (295) 83
Operator_xor_assign (296) 82
Operator_sr_assign (297) 80
Operator_sl_assign (298) 79
Operator_ref (299)
Operator_deref (300)
Operator_access (301) 14
Operator_deref_access (302) 15
Operator_sizeof (303) 24 25
Operator_trinary_question (304) 70
Operator_trinary_choice (305) 70
Operator_comma (306) 19 85
Keyword (307)
Keyword_void (308) 32
Keyword_char (309) 33
Keyword_short (310) 34
Keyword_int (311) 35
Keyword_long (312) 36
Keyword_float (313) 37
Keyword_double (314) 38
Keyword_signed (315)
Keyword_unsigned (316)
Keyword_case (317)
Keyword_default (318)
Keyword_if (319)
Keyword_else (320)
Keyword_switch (321)
Keyword_while (322)
Keyword_do (323)
Keyword_for (324)
Keyword_continue (325)
Keyword_break (326)
Keyword_return (327)
Punctuator (328)
Punctuator_eol (329)
Punctuator_par_open (330) 4 12 13 25 40
Punctuator_par_close (331) 4 12 13 25 40
Punctuator_squ_open (332) 11
Punctuator_squ_close (333) 11
Punctuator_cur_open (334)
Punctuator_cur_close (335)


Nonterminals, with rules where they appear

$accept (81)
    on left: 0
primary_EXPR (82)
    on left: 1 2 3 4, on right: 10
Constant (83)
    on left: 5 6 7 8 9, on right: 2
postfix_EXPR (84)
    on left: 10 11 12 13 14 15 16 17, on right: 11 12 13 14 15 16 17
    20
argument_EXPR_list (85)
    on left: 18 19, on right: 13 19
unary_EXPR (86)
    on left: 20 21 22 23 24 25, on right: 21 22 24 39 72
unary_operator (87)
    on left: 26 27 28 29 30 31, on right: 23
type_name (88)
    on left: 32 33 34 35 36 37 38, on right: 25 40
cast_EXPR (89)
    on left: 39 40, on right: 23 40 41 42 43 44
multiplicative_EXPR (90)
    on left: 41 42 43 44, on right: 42 43 44 45 46 47
additive_EXPR (91)
    on left: 45 46 47, on right: 46 47 48 49 50
shift_EXPR (92)
    on left: 48 49 50, on right: 49 50 51 52 53 54 55
relational_EXPR (93)
    on left: 51 52 53 54 55, on right: 52 53 54 55 56 57 58
equality_EXPR (94)
    on left: 56 57 58, on right: 57 58 59 60
BIT_AND_EXPR (95)
    on left: 59 60, on right: 60 61 62
BIT_XBIT_OR_EXPR (96)
    on left: 61 62, on right: 62 63 64
BIT_OR_EXPR (97)
    on left: 63 64, on right: 64 65 66
LOGIC_AND_EXPR (98)
    on left: 65 66, on right: 66 67 68
LOGIC_OR_EXPR (99)
    on left: 67 68, on right: 68 69 70
conditional_EXPR (100)
    on left: 69 70, on right: 70 71
assignment_EXPR (101)
    on left: 71 72, on right: 18 19 72 84 85
assignment (102)
    on left: 73 74 75 76 77 78 79 80 81 82 83, on right: 72
EXPR (103)
    on left: 84 85, on right: 4 11 70 85 86
ROOT (104)
    on left: 86, on right: 0


State 0

    0 $accept: . ROOT $end

    Constant_int          shift, and go to state 1
    Constant_char         shift, and go to state 2
    Constant_double       shift, and go to state 3
    Constant_float        shift, and go to state 4
    Constant_long_double  shift, and go to state 5
    String                shift, and go to state 6
    Identifier            shift, and go to state 7
    Operator_add          shift, and go to state 8
    Operator_sub          shift, and go to state 9
    Operator_addadd       shift, and go to state 10
    Operator_subsub       shift, and go to state 11
    Operator_mul          shift, and go to state 12
    Operator_not          shift, and go to state 13
    Operator_bit_and      shift, and go to state 14
    Operator_bit_not      shift, and go to state 15
    Operator_sizeof       shift, and go to state 16
    Punctuator_par_open   shift, and go to state 17

    primary_EXPR         go to state 18
    Constant             go to state 19
    postfix_EXPR         go to state 20
    unary_EXPR           go to state 21
    unary_operator       go to state 22
    cast_EXPR            go to state 23
    multiplicative_EXPR  go to state 24
    additive_EXPR        go to state 25
    shift_EXPR           go to state 26
    relational_EXPR      go to state 27
    equality_EXPR        go to state 28
    BIT_AND_EXPR         go to state 29
    BIT_XBIT_OR_EXPR     go to state 30
    BIT_OR_EXPR          go to state 31
    LOGIC_AND_EXPR       go to state 32
    LOGIC_OR_EXPR        go to state 33
    conditional_EXPR     go to state 34
    assignment_EXPR      go to state 35
    EXPR                 go to state 36
    ROOT                 go to state 37


State 1

    5 Constant: Constant_int .

    $default  reduce using rule 5 (Constant)


State 2

    6 Constant: Constant_char .

    $default  reduce using rule 6 (Constant)


State 3

    7 Constant: Constant_double .

    $default  reduce using rule 7 (Constant)


State 4

    8 Constant: Constant_float .

    $default  reduce using rule 8 (Constant)


State 5

    9 Constant: Constant_long_double .

    $default  reduce using rule 9 (Constant)


State 6

    3 primary_EXPR: String .

    $default  reduce using rule 3 (primary_EXPR)


State 7

    1 primary_EXPR: Identifier .

    $default  reduce using rule 1 (primary_EXPR)


State 8

   28 unary_operator: Operator_add .

    $default  reduce using rule 28 (unary_operator)


State 9

   29 unary_operator: Operator_sub .

    $default  reduce using rule 29 (unary_operator)


State 10

   21 unary_EXPR: Operator_addadd . unary_EXPR

    Constant_int          shift, and go to state 1
    Constant_char         shift, and go to state 2
    Constant_double       shift, and go to state 3
    Constant_float        shift, and go to state 4
    Constant_long_double  shift, and go to state 5
    String                shift, and go to state 6
    Identifier            shift, and go to state 7
    Operator_add          shift, and go to state 8
    Operator_sub          shift, and go to state 9
    Operator_addadd       shift, and go to state 10
    Operator_subsub       shift, and go to state 11
    Operator_mul          shift, and go to state 12
    Operator_not          shift, and go to state 13
    Operator_bit_and      shift, and go to state 14
    Operator_bit_not      shift, and go to state 15
    Operator_sizeof       shift, and go to state 16
    Punctuator_par_open   shift, and go to state 38

    primary_EXPR    go to state 18
    Constant        go to state 19
    postfix_EXPR    go to state 20
    unary_EXPR      go to state 39
    unary_operator  go to state 22


State 11

   22 unary_EXPR: Operator_subsub . unary_EXPR

    Constant_int          shift, and go to state 1
    Constant_char         shift, and go to state 2
    Constant_double       shift, and go to state 3
    Constant_float        shift, and go to state 4
    Constant_long_double  shift, and go to state 5
    String                shift, and go to state 6
    Identifier            shift, and go to state 7
    Operator_add          shift, and go to state 8
    Operator_sub          shift, and go to state 9
    Operator_addadd       shift, and go to state 10
    Operator_subsub       shift, and go to state 11
    Operator_mul          shift, and go to state 12
    Operator_not          shift, and go to state 13
    Operator_bit_and      shift, and go to state 14
    Operator_bit_not      shift, and go to state 15
    Operator_sizeof       shift, and go to state 16
    Punctuator_par_open   shift, and go to state 38

    primary_EXPR    go to state 18
    Constant        go to state 19
    postfix_EXPR    go to state 20
    unary_EXPR      go to state 40
    unary_operator  go to state 22


State 12

   27 unary_operator: Operator_mul .

    $default  reduce using rule 27 (unary_operator)


State 13

   31 unary_operator: Operator_not .

    $default  reduce using rule 31 (unary_operator)


State 14

   26 unary_operator: Operator_bit_and .

    $default  reduce using rule 26 (unary_operator)


State 15

   30 unary_operator: Operator_bit_not .

    $default  reduce using rule 30 (unary_operator)


State 16

   24 unary_EXPR: Operator_sizeof . unary_EXPR
   25           | Operator_sizeof . Punctuator_par_open type_name Punctuator_par_close

    Constant_int          shift, and go to state 1
    Constant_char         shift, and go to state 2
    Constant_double       shift, and go to state 3
    Constant_float        shift, and go to state 4
    Constant_long_double  shift, and go to state 5
    String                shift, and go to state 6
    Identifier            shift, and go to state 7
    Operator_add          shift, and go to state 8
    Operator_sub          shift, and go to state 9
    Operator_addadd       shift, and go to state 10
    Operator_subsub       shift, and go to state 11
    Operator_mul          shift, and go to state 12
    Operator_not          shift, and go to state 13
    Operator_bit_and      shift, and go to state 14
    Operator_bit_not      shift, and go to state 15
    Operator_sizeof       shift, and go to state 16
    Punctuator_par_open   shift, and go to state 41

    primary_EXPR    go to state 18
    Constant        go to state 19
    postfix_EXPR    go to state 20
    unary_EXPR      go to state 42
    unary_operator  go to state 22


State 17

    4 primary_EXPR: Punctuator_par_open . EXPR Punctuator_par_close
   40 cast_EXPR: Punctuator_par_open . type_name Punctuator_par_close cast_EXPR

    Constant_int          shift, and go to state 1
    Constant_char         shift, and go to state 2
    Constant_double       shift, and go to state 3
    Constant_float        shift, and go to state 4
    Constant_long_double  shift, and go to state 5
    String                shift, and go to state 6
    Identifier            shift, and go to state 7
    Operator_add          shift, and go to state 8
    Operator_sub          shift, and go to state 9
    Operator_addadd       shift, and go to state 10
    Operator_subsub       shift, and go to state 11
    Operator_mul          shift, and go to state 12
    Operator_not          shift, and go to state 13
    Operator_bit_and      shift, and go to state 14
    Operator_bit_not      shift, and go to state 15
    Operator_sizeof       shift, and go to state 16
    Keyword_void          shift, and go to state 43
    Keyword_char          shift, and go to state 44
    Keyword_short         shift, and go to state 45
    Keyword_int           shift, and go to state 46
    Keyword_long          shift, and go to state 47
    Keyword_float         shift, and go to state 48
    Keyword_double        shift, and go to state 49
    Punctuator_par_open   shift, and go to state 17

    primary_EXPR         go to state 18
    Constant             go to state 19
    postfix_EXPR         go to state 20
    unary_EXPR           go to state 21
    unary_operator       go to state 22
    type_name            go to state 50
    cast_EXPR            go to state 23
    multiplicative_EXPR  go to state 24
    additive_EXPR        go to state 25
    shift_EXPR           go to state 26
    relational_EXPR      go to state 27
    equality_EXPR        go to state 28
    BIT_AND_EXPR         go to state 29
    BIT_XBIT_OR_EXPR     go to state 30
    BIT_OR_EXPR          go to state 31
    LOGIC_AND_EXPR       go to state 32
    LOGIC_OR_EXPR        go to state 33
    conditional_EXPR     go to state 34
    assignment_EXPR      go to state 35
    EXPR                 go to state 51


State 18

   10 postfix_EXPR: primary_EXPR .

    $default  reduce using rule 10 (postfix_EXPR)


State 19

    2 primary_EXPR: Constant .

    $default  reduce using rule 2 (primary_EXPR)


State 20

   11 postfix_EXPR: postfix_EXPR . Punctuator_squ_open EXPR Punctuator_squ_close
   12             | postfix_EXPR . Punctuator_par_open Punctuator_par_close
   13             | postfix_EXPR . Punctuator_par_open argument_EXPR_list Punctuator_par_close
   14             | postfix_EXPR . Operator_access Identifier
   15             | postfix_EXPR . Operator_deref_access Identifier
   16             | postfix_EXPR . Operator_addadd
   17             | postfix_EXPR . Operator_subsub
   20 unary_EXPR: postfix_EXPR .

    Operator_addadd        shift, and go to state 52
    Operator_subsub        shift, and go to state 53
    Operator_access        shift, and go to state 54
    Operator_deref_access  shift, and go to state 55
    Punctuator_par_open    shift, and go to state 56
    Punctuator_squ_open    shift, and go to state 57

    $default  reduce using rule 20 (unary_EXPR)


State 21

   39 cast_EXPR: unary_EXPR .
   72 assignment_EXPR: unary_EXPR . assignment assignment_EXPR

    Operator_assign      shift, and go to state 58
    Operator_add_assign  shift, and go to state 59
    Operator_sub_assign  shift, and go to state 60
    Operator_mul_assign  shift, and go to state 61
    Operator_div_assign  shift, and go to state 62
    Operator_mod_assign  shift, and go to state 63
    Operator_and_assign  shift, and go to state 64
    Operator_or_assign   shift, and go to state 65
    Operator_xor_assign  shift, and go to state 66
    Operator_sr_assign   shift, and go to state 67
    Operator_sl_assign   shift, and go to state 68

    $default  reduce using rule 39 (cast_EXPR)

    assignment  go to state 69


State 22

   23 unary_EXPR: unary_operator . cast_EXPR

    Constant_int          shift, and go to state 1
    Constant_char         shift, and go to state 2
    Constant_double       shift, and go to state 3
    Constant_float        shift, and go to state 4
    Constant_long_double  shift, and go to state 5
    String                shift, and go to state 6
    Identifier            shift, and go to state 7
    Operator_add          shift, and go to state 8
    Operator_sub          shift, and go to state 9
    Operator_addadd       shift, and go to state 10
    Operator_subsub       shift, and go to state 11
    Operator_mul          shift, and go to state 12
    Operator_not          shift, and go to state 13
    Operator_bit_and      shift, and go to state 14
    Operator_bit_not      shift, and go to state 15
    Operator_sizeof       shift, and go to state 16
    Punctuator_par_open   shift, and go to state 17

    primary_EXPR    go to state 18
    Constant        go to state 19
    postfix_EXPR    go to state 20
    unary_EXPR      go to state 70
    unary_operator  go to state 22
    cast_EXPR       go to state 71


State 23

   41 multiplicative_EXPR: cast_EXPR .

    $default  reduce using rule 41 (multiplicative_EXPR)


State 24

   42 multiplicative_EXPR: multiplicative_EXPR . Operator_mul cast_EXPR
   43                    | multiplicative_EXPR . Operator_div cast_EXPR
   44                    | multiplicative_EXPR . Operator_mod cast_EXPR
   45 additive_EXPR: multiplicative_EXPR .

    Operator_mul  shift, and go to state 72
    Operator_div  shift, and go to state 73
    Operator_mod  shift, and go to state 74

    $default  reduce using rule 45 (additive_EXPR)


State 25

   46 additive_EXPR: additive_EXPR . Operator_add multiplicative_EXPR
   47              | additive_EXPR . Operator_sub multiplicative_EXPR
   48 shift_EXPR: additive_EXPR .

    Operator_add  shift, and go to state 75
    Operator_sub  shift, and go to state 76

    $default  reduce using rule 48 (shift_EXPR)


State 26

   49 shift_EXPR: shift_EXPR . Operator_sl additive_EXPR
   50           | shift_EXPR . Operator_sr additive_EXPR
   51 relational_EXPR: shift_EXPR .

    Operator_sl  shift, and go to state 77
    Operator_sr  shift, and go to state 78

    $default  reduce using rule 51 (relational_EXPR)


State 27

   52 relational_EXPR: relational_EXPR . Operator_less shift_EXPR
   53                | relational_EXPR . Operator_greater shift_EXPR
   54                | relational_EXPR . Operator_less_equal shift_EXPR
   55                | relational_EXPR . Operator_greater_equal shift_EXPR
   56 equality_EXPR: relational_EXPR .

    Operator_greater        shift, and go to state 79
    Operator_less           shift, and go to state 80
    Operator_greater_equal  shift, and go to state 81
    Operator_less_equal     shift, and go to state 82

    $default  reduce using rule 56 (equality_EXPR)


State 28

   57 equality_EXPR: equality_EXPR . Operator_equal relational_EXPR
   58              | equality_EXPR . Operator_not_equal relational_EXPR
   59 BIT_AND_EXPR: equality_EXPR .

    Operator_equal      shift, and go to state 83
    Operator_not_equal  shift, and go to state 84

    $default  reduce using rule 59 (BIT_AND_EXPR)


State 29

   60 BIT_AND_EXPR: BIT_AND_EXPR . Operator_bit_and equality_EXPR
   61 BIT_XBIT_OR_EXPR: BIT_AND_EXPR .

    Operator_bit_and  shift, and go to state 85

    $default  reduce using rule 61 (BIT_XBIT_OR_EXPR)


State 30

   62 BIT_XBIT_OR_EXPR: BIT_XBIT_OR_EXPR . Operator_bit_xor BIT_AND_EXPR
   63 BIT_OR_EXPR: BIT_XBIT_OR_EXPR .

    Operator_bit_xor  shift, and go to state 86

    $default  reduce using rule 63 (BIT_OR_EXPR)


State 31

   64 BIT_OR_EXPR: BIT_OR_EXPR . Operator_bit_or BIT_XBIT_OR_EXPR
   65 LOGIC_AND_EXPR: BIT_OR_EXPR .

    Operator_bit_or  shift, and go to state 87

    $default  reduce using rule 65 (LOGIC_AND_EXPR)


State 32

   66 LOGIC_AND_EXPR: LOGIC_AND_EXPR . Operator_and BIT_OR_EXPR
   67 LOGIC_OR_EXPR: LOGIC_AND_EXPR .

    Operator_and  shift, and go to state 88

    $default  reduce using rule 67 (LOGIC_OR_EXPR)


State 33

   68 LOGIC_OR_EXPR: LOGIC_OR_EXPR . Operator_or LOGIC_AND_EXPR
   69 conditional_EXPR: LOGIC_OR_EXPR .
   70                 | LOGIC_OR_EXPR . Operator_trinary_question EXPR Operator_trinary_choice conditional_EXPR

    Operator_or                shift, and go to state 89
    Operator_trinary_question  shift, and go to state 90

    $default  reduce using rule 69 (conditional_EXPR)


State 34

   71 assignment_EXPR: conditional_EXPR .

    $default  reduce using rule 71 (assignment_EXPR)


State 35

   84 EXPR: assignment_EXPR .

    $default  reduce using rule 84 (EXPR)


State 36

   85 EXPR: EXPR . Operator_comma assignment_EXPR
   86 ROOT: EXPR .

    Operator_comma  shift, and go to state 91

    $default  reduce using rule 86 (ROOT)


State 37

    0 $accept: ROOT . $end

    $end  shift, and go to state 92


State 38

    4 primary_EXPR: Punctuator_par_open . EXPR Punctuator_par_close

    Constant_int          shift, and go to state 1
    Constant_char         shift, and go to state 2
    Constant_double       shift, and go to state 3
    Constant_float        shift, and go to state 4
    Constant_long_double  shift, and go to state 5
    String                shift, and go to state 6
    Identifier            shift, and go to state 7
    Operator_add          shift, and go to state 8
    Operator_sub          shift, and go to state 9
    Operator_addadd       shift, and go to state 10
    Operator_subsub       shift, and go to state 11
    Operator_mul          shift, and go to state 12
    Operator_not          shift, and go to state 13
    Operator_bit_and      shift, and go to state 14
    Operator_bit_not      shift, and go to state 15
    Operator_sizeof       shift, and go to state 16
    Punctuator_par_open   shift, and go to state 17

    primary_EXPR         go to state 18
    Constant             go to state 19
    postfix_EXPR         go to state 20
    unary_EXPR           go to state 21
    unary_operator       go to state 22
    cast_EXPR            go to state 23
    multiplicative_EXPR  go to state 24
    additive_EXPR        go to state 25
    shift_EXPR           go to state 26
    relational_EXPR      go to state 27
    equality_EXPR        go to state 28
    BIT_AND_EXPR         go to state 29
    BIT_XBIT_OR_EXPR     go to state 30
    BIT_OR_EXPR          go to state 31
    LOGIC_AND_EXPR       go to state 32
    LOGIC_OR_EXPR        go to state 33
    conditional_EXPR     go to state 34
    assignment_EXPR      go to state 35
    EXPR                 go to state 51


State 39

   21 unary_EXPR: Operator_addadd unary_EXPR .

    $default  reduce using rule 21 (unary_EXPR)


State 40

   22 unary_EXPR: Operator_subsub unary_EXPR .

    $default  reduce using rule 22 (unary_EXPR)


State 41

    4 primary_EXPR: Punctuator_par_open . EXPR Punctuator_par_close
   25 unary_EXPR: Operator_sizeof Punctuator_par_open . type_name Punctuator_par_close

    Constant_int          shift, and go to state 1
    Constant_char         shift, and go to state 2
    Constant_double       shift, and go to state 3
    Constant_float        shift, and go to state 4
    Constant_long_double  shift, and go to state 5
    String                shift, and go to state 6
    Identifier            shift, and go to state 7
    Operator_add          shift, and go to state 8
    Operator_sub          shift, and go to state 9
    Operator_addadd       shift, and go to state 10
    Operator_subsub       shift, and go to state 11
    Operator_mul          shift, and go to state 12
    Operator_not          shift, and go to state 13
    Operator_bit_and      shift, and go to state 14
    Operator_bit_not      shift, and go to state 15
    Operator_sizeof       shift, and go to state 16
    Keyword_void          shift, and go to state 43
    Keyword_char          shift, and go to state 44
    Keyword_short         shift, and go to state 45
    Keyword_int           shift, and go to state 46
    Keyword_long          shift, and go to state 47
    Keyword_float         shift, and go to state 48
    Keyword_double        shift, and go to state 49
    Punctuator_par_open   shift, and go to state 17

    primary_EXPR         go to state 18
    Constant             go to state 19
    postfix_EXPR         go to state 20
    unary_EXPR           go to state 21
    unary_operator       go to state 22
    type_name            go to state 93
    cast_EXPR            go to state 23
    multiplicative_EXPR  go to state 24
    additive_EXPR        go to state 25
    shift_EXPR           go to state 26
    relational_EXPR      go to state 27
    equality_EXPR        go to state 28
    BIT_AND_EXPR         go to state 29
    BIT_XBIT_OR_EXPR     go to state 30
    BIT_OR_EXPR          go to state 31
    LOGIC_AND_EXPR       go to state 32
    LOGIC_OR_EXPR        go to state 33
    conditional_EXPR     go to state 34
    assignment_EXPR      go to state 35
    EXPR                 go to state 51


State 42

   24 unary_EXPR: Operator_sizeof unary_EXPR .

    $default  reduce using rule 24 (unary_EXPR)


State 43

   32 type_name: Keyword_void .

    $default  reduce using rule 32 (type_name)


State 44

   33 type_name: Keyword_char .

    $default  reduce using rule 33 (type_name)


State 45

   34 type_name: Keyword_short .

    $default  reduce using rule 34 (type_name)


State 46

   35 type_name: Keyword_int .

    $default  reduce using rule 35 (type_name)


State 47

   36 type_name: Keyword_long .

    $default  reduce using rule 36 (type_name)


State 48

   37 type_name: Keyword_float .

    $default  reduce using rule 37 (type_name)


State 49

   38 type_name: Keyword_double .

    $default  reduce using rule 38 (type_name)


State 50

   40 cast_EXPR: Punctuator_par_open type_name . Punctuator_par_close cast_EXPR

    Punctuator_par_close  shift, and go to state 94


State 51

    4 primary_EXPR: Punctuator_par_open EXPR . Punctuator_par_close
   85 EXPR: EXPR . Operator_comma assignment_EXPR

    Operator_comma        shift, and go to state 91
    Punctuator_par_close  shift, and go to state 95


State 52

   16 postfix_EXPR: postfix_EXPR Operator_addadd .

    $default  reduce using rule 16 (postfix_EXPR)


State 53

   17 postfix_EXPR: postfix_EXPR Operator_subsub .

    $default  reduce using rule 17 (postfix_EXPR)


State 54

   14 postfix_EXPR: postfix_EXPR Operator_access . Identifier

    Identifier  shift, and go to state 96


State 55

   15 postfix_EXPR: postfix_EXPR Operator_deref_access . Identifier

    Identifier  shift, and go to state 97


State 56

   12 postfix_EXPR: postfix_EXPR Punctuator_par_open . Punctuator_par_close
   13             | postfix_EXPR Punctuator_par_open . argument_EXPR_list Punctuator_par_close

    Constant_int          shift, and go to state 1
    Constant_char         shift, and go to state 2
    Constant_double       shift, and go to state 3
    Constant_float        shift, and go to state 4
    Constant_long_double  shift, and go to state 5
    String                shift, and go to state 6
    Identifier            shift, and go to state 7
    Operator_add          shift, and go to state 8
    Operator_sub          shift, and go to state 9
    Operator_addadd       shift, and go to state 10
    Operator_subsub       shift, and go to state 11
    Operator_mul          shift, and go to state 12
    Operator_not          shift, and go to state 13
    Operator_bit_and      shift, and go to state 14
    Operator_bit_not      shift, and go to state 15
    Operator_sizeof       shift, and go to state 16
    Punctuator_par_open   shift, and go to state 17
    Punctuator_par_close  shift, and go to state 98

    primary_EXPR         go to state 18
    Constant             go to state 19
    postfix_EXPR         go to state 20
    argument_EXPR_list   go to state 99
    unary_EXPR           go to state 21
    unary_operator       go to state 22
    cast_EXPR            go to state 23
    multiplicative_EXPR  go to state 24
    additive_EXPR        go to state 25
    shift_EXPR           go to state 26
    relational_EXPR      go to state 27
    equality_EXPR        go to state 28
    BIT_AND_EXPR         go to state 29
    BIT_XBIT_OR_EXPR     go to state 30
    BIT_OR_EXPR          go to state 31
    LOGIC_AND_EXPR       go to state 32
    LOGIC_OR_EXPR        go to state 33
    conditional_EXPR     go to state 34
    assignment_EXPR      go to state 100


State 57

   11 postfix_EXPR: postfix_EXPR Punctuator_squ_open . EXPR Punctuator_squ_close

    Constant_int          shift, and go to state 1
    Constant_char         shift, and go to state 2
    Constant_double       shift, and go to state 3
    Constant_float        shift, and go to state 4
    Constant_long_double  shift, and go to state 5
    String                shift, and go to state 6
    Identifier            shift, and go to state 7
    Operator_add          shift, and go to state 8
    Operator_sub          shift, and go to state 9
    Operator_addadd       shift, and go to state 10
    Operator_subsub       shift, and go to state 11
    Operator_mul          shift, and go to state 12
    Operator_not          shift, and go to state 13
    Operator_bit_and      shift, and go to state 14
    Operator_bit_not      shift, and go to state 15
    Operator_sizeof       shift, and go to state 16
    Punctuator_par_open   shift, and go to state 17

    primary_EXPR         go to state 18
    Constant             go to state 19
    postfix_EXPR         go to state 20
    unary_EXPR           go to state 21
    unary_operator       go to state 22
    cast_EXPR            go to state 23
    multiplicative_EXPR  go to state 24
    additive_EXPR        go to state 25
    shift_EXPR           go to state 26
    relational_EXPR      go to state 27
    equality_EXPR        go to state 28
    BIT_AND_EXPR         go to state 29
    BIT_XBIT_OR_EXPR     go to state 30
    BIT_OR_EXPR          go to state 31
    LOGIC_AND_EXPR       go to state 32
    LOGIC_OR_EXPR        go to state 33
    conditional_EXPR     go to state 34
    assignment_EXPR      go to state 35
    EXPR                 go to state 101


State 58

   73 assignment: Operator_assign .

    $default  reduce using rule 73 (assignment)


State 59

   77 assignment: Operator_add_assign .

    $default  reduce using rule 77 (assignment)


State 60

   78 assignment: Operator_sub_assign .

    $default  reduce using rule 78 (assignment)


State 61

   74 assignment: Operator_mul_assign .

    $default  reduce using rule 74 (assignment)


State 62

   75 assignment: Operator_div_assign .

    $default  reduce using rule 75 (assignment)


State 63

   76 assignment: Operator_mod_assign .

    $default  reduce using rule 76 (assignment)


State 64

   81 assignment: Operator_and_assign .

    $default  reduce using rule 81 (assignment)


State 65

   83 assignment: Operator_or_assign .

    $default  reduce using rule 83 (assignment)


State 66

   82 assignment: Operator_xor_assign .

    $default  reduce using rule 82 (assignment)


State 67

   80 assignment: Operator_sr_assign .

    $default  reduce using rule 80 (assignment)


State 68

   79 assignment: Operator_sl_assign .

    $default  reduce using rule 79 (assignment)


State 69

   72 assignment_EXPR: unary_EXPR assignment . assignment_EXPR

    Constant_int          shift, and go to state 1
    Constant_char         shift, and go to state 2
    Constant_double       shift, and go to state 3
    Constant_float        shift, and go to state 4
    Constant_long_double  shift, and go to state 5
    String                shift, and go to state 6
    Identifier            shift, and go to state 7
    Operator_add          shift, and go to state 8
    Operator_sub          shift, and go to state 9
    Operator_addadd       shift, and go to state 10
    Operator_subsub       shift, and go to state 11
    Operator_mul          shift, and go to state 12
    Operator_not          shift, and go to state 13
    Operator_bit_and      shift, and go to state 14
    Operator_bit_not      shift, and go to state 15
    Operator_sizeof       shift, and go to state 16
    Punctuator_par_open   shift, and go to state 17

    primary_EXPR         go to state 18
    Constant             go to state 19
    postfix_EXPR         go to state 20
    unary_EXPR           go to state 21
    unary_operator       go to state 22
    cast_EXPR            go to state 23
    multiplicative_EXPR  go to state 24
    additive_EXPR        go to state 25
    shift_EXPR           go to state 26
    relational_EXPR      go to state 27
    equality_EXPR        go to state 28
    BIT_AND_EXPR         go to state 29
    BIT_XBIT_OR_EXPR     go to state 30
    BIT_OR_EXPR          go to state 31
    LOGIC_AND_EXPR       go to state 32
    LOGIC_OR_EXPR        go to state 33
    conditional_EXPR     go to state 34
    assignment_EXPR      go to state 102


State 70

   39 cast_EXPR: unary_EXPR .

    $default  reduce using rule 39 (cast_EXPR)


State 71

   23 unary_EXPR: unary_operator cast_EXPR .

    $default  reduce using rule 23 (unary_EXPR)


State 72

   42 multiplicative_EXPR: multiplicative_EXPR Operator_mul . cast_EXPR

    Constant_int          shift, and go to state 1
    Constant_char         shift, and go to state 2
    Constant_double       shift, and go to state 3
    Constant_float        shift, and go to state 4
    Constant_long_double  shift, and go to state 5
    String                shift, and go to state 6
    Identifier            shift, and go to state 7
    Operator_add          shift, and go to state 8
    Operator_sub          shift, and go to state 9
    Operator_addadd       shift, and go to state 10
    Operator_subsub       shift, and go to state 11
    Operator_mul          shift, and go to state 12
    Operator_not          shift, and go to state 13
    Operator_bit_and      shift, and go to state 14
    Operator_bit_not      shift, and go to state 15
    Operator_sizeof       shift, and go to state 16
    Punctuator_par_open   shift, and go to state 17

    primary_EXPR    go to state 18
    Constant        go to state 19
    postfix_EXPR    go to state 20
    unary_EXPR      go to state 70
    unary_operator  go to state 22
    cast_EXPR       go to state 103


State 73

   43 multiplicative_EXPR: multiplicative_EXPR Operator_div . cast_EXPR

    Constant_int          shift, and go to state 1
    Constant_char         shift, and go to state 2
    Constant_double       shift, and go to state 3
    Constant_float        shift, and go to state 4
    Constant_long_double  shift, and go to state 5
    String                shift, and go to state 6
    Identifier            shift, and go to state 7
    Operator_add          shift, and go to state 8
    Operator_sub          shift, and go to state 9
    Operator_addadd       shift, and go to state 10
    Operator_subsub       shift, and go to state 11
    Operator_mul          shift, and go to state 12
    Operator_not          shift, and go to state 13
    Operator_bit_and      shift, and go to state 14
    Operator_bit_not      shift, and go to state 15
    Operator_sizeof       shift, and go to state 16
    Punctuator_par_open   shift, and go to state 17

    primary_EXPR    go to state 18
    Constant        go to state 19
    postfix_EXPR    go to state 20
    unary_EXPR      go to state 70
    unary_operator  go to state 22
    cast_EXPR       go to state 104


State 74

   44 multiplicative_EXPR: multiplicative_EXPR Operator_mod . cast_EXPR

    Constant_int          shift, and go to state 1
    Constant_char         shift, and go to state 2
    Constant_double       shift, and go to state 3
    Constant_float        shift, and go to state 4
    Constant_long_double  shift, and go to state 5
    String                shift, and go to state 6
    Identifier            shift, and go to state 7
    Operator_add          shift, and go to state 8
    Operator_sub          shift, and go to state 9
    Operator_addadd       shift, and go to state 10
    Operator_subsub       shift, and go to state 11
    Operator_mul          shift, and go to state 12
    Operator_not          shift, and go to state 13
    Operator_bit_and      shift, and go to state 14
    Operator_bit_not      shift, and go to state 15
    Operator_sizeof       shift, and go to state 16
    Punctuator_par_open   shift, and go to state 17

    primary_EXPR    go to state 18
    Constant        go to state 19
    postfix_EXPR    go to state 20
    unary_EXPR      go to state 70
    unary_operator  go to state 22
    cast_EXPR       go to state 105


State 75

   46 additive_EXPR: additive_EXPR Operator_add . multiplicative_EXPR

    Constant_int          shift, and go to state 1
    Constant_char         shift, and go to state 2
    Constant_double       shift, and go to state 3
    Constant_float        shift, and go to state 4
    Constant_long_double  shift, and go to state 5
    String                shift, and go to state 6
    Identifier            shift, and go to state 7
    Operator_add          shift, and go to state 8
    Operator_sub          shift, and go to state 9
    Operator_addadd       shift, and go to state 10
    Operator_subsub       shift, and go to state 11
    Operator_mul          shift, and go to state 12
    Operator_not          shift, and go to state 13
    Operator_bit_and      shift, and go to state 14
    Operator_bit_not      shift, and go to state 15
    Operator_sizeof       shift, and go to state 16
    Punctuator_par_open   shift, and go to state 17

    primary_EXPR         go to state 18
    Constant             go to state 19
    postfix_EXPR         go to state 20
    unary_EXPR           go to state 70
    unary_operator       go to state 22
    cast_EXPR            go to state 23
    multiplicative_EXPR  go to state 106


State 76

   47 additive_EXPR: additive_EXPR Operator_sub . multiplicative_EXPR

    Constant_int          shift, and go to state 1
    Constant_char         shift, and go to state 2
    Constant_double       shift, and go to state 3
    Constant_float        shift, and go to state 4
    Constant_long_double  shift, and go to state 5
    String                shift, and go to state 6
    Identifier            shift, and go to state 7
    Operator_add          shift, and go to state 8
    Operator_sub          shift, and go to state 9
    Operator_addadd       shift, and go to state 10
    Operator_subsub       shift, and go to state 11
    Operator_mul          shift, and go to state 12
    Operator_not          shift, and go to state 13
    Operator_bit_and      shift, and go to state 14
    Operator_bit_not      shift, and go to state 15
    Operator_sizeof       shift, and go to state 16
    Punctuator_par_open   shift, and go to state 17

    primary_EXPR         go to state 18
    Constant             go to state 19
    postfix_EXPR         go to state 20
    unary_EXPR           go to state 70
    unary_operator       go to state 22
    cast_EXPR            go to state 23
    multiplicative_EXPR  go to state 107


State 77

   49 shift_EXPR: shift_EXPR Operator_sl . additive_EXPR

    Constant_int          shift, and go to state 1
    Constant_char         shift, and go to state 2
    Constant_double       shift, and go to state 3
    Constant_float        shift, and go to state 4
    Constant_long_double  shift, and go to state 5
    String                shift, and go to state 6
    Identifier            shift, and go to state 7
    Operator_add          shift, and go to state 8
    Operator_sub          shift, and go to state 9
    Operator_addadd       shift, and go to state 10
    Operator_subsub       shift, and go to state 11
    Operator_mul          shift, and go to state 12
    Operator_not          shift, and go to state 13
    Operator_bit_and      shift, and go to state 14
    Operator_bit_not      shift, and go to state 15
    Operator_sizeof       shift, and go to state 16
    Punctuator_par_open   shift, and go to state 17

    primary_EXPR         go to state 18
    Constant             go to state 19
    postfix_EXPR         go to state 20
    unary_EXPR           go to state 70
    unary_operator       go to state 22
    cast_EXPR            go to state 23
    multiplicative_EXPR  go to state 24
    additive_EXPR        go to state 108


State 78

   50 shift_EXPR: shift_EXPR Operator_sr . additive_EXPR

    Constant_int          shift, and go to state 1
    Constant_char         shift, and go to state 2
    Constant_double       shift, and go to state 3
    Constant_float        shift, and go to state 4
    Constant_long_double  shift, and go to state 5
    String                shift, and go to state 6
    Identifier            shift, and go to state 7
    Operator_add          shift, and go to state 8
    Operator_sub          shift, and go to state 9
    Operator_addadd       shift, and go to state 10
    Operator_subsub       shift, and go to state 11
    Operator_mul          shift, and go to state 12
    Operator_not          shift, and go to state 13
    Operator_bit_and      shift, and go to state 14
    Operator_bit_not      shift, and go to state 15
    Operator_sizeof       shift, and go to state 16
    Punctuator_par_open   shift, and go to state 17

    primary_EXPR         go to state 18
    Constant             go to state 19
    postfix_EXPR         go to state 20
    unary_EXPR           go to state 70
    unary_operator       go to state 22
    cast_EXPR            go to state 23
    multiplicative_EXPR  go to state 24
    additive_EXPR        go to state 109


State 79

   53 relational_EXPR: relational_EXPR Operator_greater . shift_EXPR

    Constant_int          shift, and go to state 1
    Constant_char         shift, and go to state 2
    Constant_double       shift, and go to state 3
    Constant_float        shift, and go to state 4
    Constant_long_double  shift, and go to state 5
    String                shift, and go to state 6
    Identifier            shift, and go to state 7
    Operator_add          shift, and go to state 8
    Operator_sub          shift, and go to state 9
    Operator_addadd       shift, and go to state 10
    Operator_subsub       shift, and go to state 11
    Operator_mul          shift, and go to state 12
    Operator_not          shift, and go to state 13
    Operator_bit_and      shift, and go to state 14
    Operator_bit_not      shift, and go to state 15
    Operator_sizeof       shift, and go to state 16
    Punctuator_par_open   shift, and go to state 17

    primary_EXPR         go to state 18
    Constant             go to state 19
    postfix_EXPR         go to state 20
    unary_EXPR           go to state 70
    unary_operator       go to state 22
    cast_EXPR            go to state 23
    multiplicative_EXPR  go to state 24
    additive_EXPR        go to state 25
    shift_EXPR           go to state 110


State 80

   52 relational_EXPR: relational_EXPR Operator_less . shift_EXPR

    Constant_int          shift, and go to state 1
    Constant_char         shift, and go to state 2
    Constant_double       shift, and go to state 3
    Constant_float        shift, and go to state 4
    Constant_long_double  shift, and go to state 5
    String                shift, and go to state 6
    Identifier            shift, and go to state 7
    Operator_add          shift, and go to state 8
    Operator_sub          shift, and go to state 9
    Operator_addadd       shift, and go to state 10
    Operator_subsub       shift, and go to state 11
    Operator_mul          shift, and go to state 12
    Operator_not          shift, and go to state 13
    Operator_bit_and      shift, and go to state 14
    Operator_bit_not      shift, and go to state 15
    Operator_sizeof       shift, and go to state 16
    Punctuator_par_open   shift, and go to state 17

    primary_EXPR         go to state 18
    Constant             go to state 19
    postfix_EXPR         go to state 20
    unary_EXPR           go to state 70
    unary_operator       go to state 22
    cast_EXPR            go to state 23
    multiplicative_EXPR  go to state 24
    additive_EXPR        go to state 25
    shift_EXPR           go to state 111


State 81

   55 relational_EXPR: relational_EXPR Operator_greater_equal . shift_EXPR

    Constant_int          shift, and go to state 1
    Constant_char         shift, and go to state 2
    Constant_double       shift, and go to state 3
    Constant_float        shift, and go to state 4
    Constant_long_double  shift, and go to state 5
    String                shift, and go to state 6
    Identifier            shift, and go to state 7
    Operator_add          shift, and go to state 8
    Operator_sub          shift, and go to state 9
    Operator_addadd       shift, and go to state 10
    Operator_subsub       shift, and go to state 11
    Operator_mul          shift, and go to state 12
    Operator_not          shift, and go to state 13
    Operator_bit_and      shift, and go to state 14
    Operator_bit_not      shift, and go to state 15
    Operator_sizeof       shift, and go to state 16
    Punctuator_par_open   shift, and go to state 17

    primary_EXPR         go to state 18
    Constant             go to state 19
    postfix_EXPR         go to state 20
    unary_EXPR           go to state 70
    unary_operator       go to state 22
    cast_EXPR            go to state 23
    multiplicative_EXPR  go to state 24
    additive_EXPR        go to state 25
    shift_EXPR           go to state 112


State 82

   54 relational_EXPR: relational_EXPR Operator_less_equal . shift_EXPR

    Constant_int          shift, and go to state 1
    Constant_char         shift, and go to state 2
    Constant_double       shift, and go to state 3
    Constant_float        shift, and go to state 4
    Constant_long_double  shift, and go to state 5
    String                shift, and go to state 6
    Identifier            shift, and go to state 7
    Operator_add          shift, and go to state 8
    Operator_sub          shift, and go to state 9
    Operator_addadd       shift, and go to state 10
    Operator_subsub       shift, and go to state 11
    Operator_mul          shift, and go to state 12
    Operator_not          shift, and go to state 13
    Operator_bit_and      shift, and go to state 14
    Operator_bit_not      shift, and go to state 15
    Operator_sizeof       shift, and go to state 16
    Punctuator_par_open   shift, and go to state 17

    primary_EXPR         go to state 18
    Constant             go to state 19
    postfix_EXPR         go to state 20
    unary_EXPR           go to state 70
    unary_operator       go to state 22
    cast_EXPR            go to state 23
    multiplicative_EXPR  go to state 24
    additive_EXPR        go to state 25
    shift_EXPR           go to state 113


State 83

   57 equality_EXPR: equality_EXPR Operator_equal . relational_EXPR

    Constant_int          shift, and go to state 1
    Constant_char         shift, and go to state 2
    Constant_double       shift, and go to state 3
    Constant_float        shift, and go to state 4
    Constant_long_double  shift, and go to state 5
    String                shift, and go to state 6
    Identifier            shift, and go to state 7
    Operator_add          shift, and go to state 8
    Operator_sub          shift, and go to state 9
    Operator_addadd       shift, and go to state 10
    Operator_subsub       shift, and go to state 11
    Operator_mul          shift, and go to state 12
    Operator_not          shift, and go to state 13
    Operator_bit_and      shift, and go to state 14
    Operator_bit_not      shift, and go to state 15
    Operator_sizeof       shift, and go to state 16
    Punctuator_par_open   shift, and go to state 17

    primary_EXPR         go to state 18
    Constant             go to state 19
    postfix_EXPR         go to state 20
    unary_EXPR           go to state 70
    unary_operator       go to state 22
    cast_EXPR            go to state 23
    multiplicative_EXPR  go to state 24
    additive_EXPR        go to state 25
    shift_EXPR           go to state 26
    relational_EXPR      go to state 114


State 84

   58 equality_EXPR: equality_EXPR Operator_not_equal . relational_EXPR

    Constant_int          shift, and go to state 1
    Constant_char         shift, and go to state 2
    Constant_double       shift, and go to state 3
    Constant_float        shift, and go to state 4
    Constant_long_double  shift, and go to state 5
    String                shift, and go to state 6
    Identifier            shift, and go to state 7
    Operator_add          shift, and go to state 8
    Operator_sub          shift, and go to state 9
    Operator_addadd       shift, and go to state 10
    Operator_subsub       shift, and go to state 11
    Operator_mul          shift, and go to state 12
    Operator_not          shift, and go to state 13
    Operator_bit_and      shift, and go to state 14
    Operator_bit_not      shift, and go to state 15
    Operator_sizeof       shift, and go to state 16
    Punctuator_par_open   shift, and go to state 17

    primary_EXPR         go to state 18
    Constant             go to state 19
    postfix_EXPR         go to state 20
    unary_EXPR           go to state 70
    unary_operator       go to state 22
    cast_EXPR            go to state 23
    multiplicative_EXPR  go to state 24
    additive_EXPR        go to state 25
    shift_EXPR           go to state 26
    relational_EXPR      go to state 115


State 85

   60 BIT_AND_EXPR: BIT_AND_EXPR Operator_bit_and . equality_EXPR

    Constant_int          shift, and go to state 1
    Constant_char         shift, and go to state 2
    Constant_double       shift, and go to state 3
    Constant_float        shift, and go to state 4
    Constant_long_double  shift, and go to state 5
    String                shift, and go to state 6
    Identifier            shift, and go to state 7
    Operator_add          shift, and go to state 8
    Operator_sub          shift, and go to state 9
    Operator_addadd       shift, and go to state 10
    Operator_subsub       shift, and go to state 11
    Operator_mul          shift, and go to state 12
    Operator_not          shift, and go to state 13
    Operator_bit_and      shift, and go to state 14
    Operator_bit_not      shift, and go to state 15
    Operator_sizeof       shift, and go to state 16
    Punctuator_par_open   shift, and go to state 17

    primary_EXPR         go to state 18
    Constant             go to state 19
    postfix_EXPR         go to state 20
    unary_EXPR           go to state 70
    unary_operator       go to state 22
    cast_EXPR            go to state 23
    multiplicative_EXPR  go to state 24
    additive_EXPR        go to state 25
    shift_EXPR           go to state 26
    relational_EXPR      go to state 27
    equality_EXPR        go to state 116


State 86

   62 BIT_XBIT_OR_EXPR: BIT_XBIT_OR_EXPR Operator_bit_xor . BIT_AND_EXPR

    Constant_int          shift, and go to state 1
    Constant_char         shift, and go to state 2
    Constant_double       shift, and go to state 3
    Constant_float        shift, and go to state 4
    Constant_long_double  shift, and go to state 5
    String                shift, and go to state 6
    Identifier            shift, and go to state 7
    Operator_add          shift, and go to state 8
    Operator_sub          shift, and go to state 9
    Operator_addadd       shift, and go to state 10
    Operator_subsub       shift, and go to state 11
    Operator_mul          shift, and go to state 12
    Operator_not          shift, and go to state 13
    Operator_bit_and      shift, and go to state 14
    Operator_bit_not      shift, and go to state 15
    Operator_sizeof       shift, and go to state 16
    Punctuator_par_open   shift, and go to state 17

    primary_EXPR         go to state 18
    Constant             go to state 19
    postfix_EXPR         go to state 20
    unary_EXPR           go to state 70
    unary_operator       go to state 22
    cast_EXPR            go to state 23
    multiplicative_EXPR  go to state 24
    additive_EXPR        go to state 25
    shift_EXPR           go to state 26
    relational_EXPR      go to state 27
    equality_EXPR        go to state 28
    BIT_AND_EXPR         go to state 117


State 87

   64 BIT_OR_EXPR: BIT_OR_EXPR Operator_bit_or . BIT_XBIT_OR_EXPR

    Constant_int          shift, and go to state 1
    Constant_char         shift, and go to state 2
    Constant_double       shift, and go to state 3
    Constant_float        shift, and go to state 4
    Constant_long_double  shift, and go to state 5
    String                shift, and go to state 6
    Identifier            shift, and go to state 7
    Operator_add          shift, and go to state 8
    Operator_sub          shift, and go to state 9
    Operator_addadd       shift, and go to state 10
    Operator_subsub       shift, and go to state 11
    Operator_mul          shift, and go to state 12
    Operator_not          shift, and go to state 13
    Operator_bit_and      shift, and go to state 14
    Operator_bit_not      shift, and go to state 15
    Operator_sizeof       shift, and go to state 16
    Punctuator_par_open   shift, and go to state 17

    primary_EXPR         go to state 18
    Constant             go to state 19
    postfix_EXPR         go to state 20
    unary_EXPR           go to state 70
    unary_operator       go to state 22
    cast_EXPR            go to state 23
    multiplicative_EXPR  go to state 24
    additive_EXPR        go to state 25
    shift_EXPR           go to state 26
    relational_EXPR      go to state 27
    equality_EXPR        go to state 28
    BIT_AND_EXPR         go to state 29
    BIT_XBIT_OR_EXPR     go to state 118


State 88

   66 LOGIC_AND_EXPR: LOGIC_AND_EXPR Operator_and . BIT_OR_EXPR

    Constant_int          shift, and go to state 1
    Constant_char         shift, and go to state 2
    Constant_double       shift, and go to state 3
    Constant_float        shift, and go to state 4
    Constant_long_double  shift, and go to state 5
    String                shift, and go to state 6
    Identifier            shift, and go to state 7
    Operator_add          shift, and go to state 8
    Operator_sub          shift, and go to state 9
    Operator_addadd       shift, and go to state 10
    Operator_subsub       shift, and go to state 11
    Operator_mul          shift, and go to state 12
    Operator_not          shift, and go to state 13
    Operator_bit_and      shift, and go to state 14
    Operator_bit_not      shift, and go to state 15
    Operator_sizeof       shift, and go to state 16
    Punctuator_par_open   shift, and go to state 17

    primary_EXPR         go to state 18
    Constant             go to state 19
    postfix_EXPR         go to state 20
    unary_EXPR           go to state 70
    unary_operator       go to state 22
    cast_EXPR            go to state 23
    multiplicative_EXPR  go to state 24
    additive_EXPR        go to state 25
    shift_EXPR           go to state 26
    relational_EXPR      go to state 27
    equality_EXPR        go to state 28
    BIT_AND_EXPR         go to state 29
    BIT_XBIT_OR_EXPR     go to state 30
    BIT_OR_EXPR          go to state 119


State 89

   68 LOGIC_OR_EXPR: LOGIC_OR_EXPR Operator_or . LOGIC_AND_EXPR

    Constant_int          shift, and go to state 1
    Constant_char         shift, and go to state 2
    Constant_double       shift, and go to state 3
    Constant_float        shift, and go to state 4
    Constant_long_double  shift, and go to state 5
    String                shift, and go to state 6
    Identifier            shift, and go to state 7
    Operator_add          shift, and go to state 8
    Operator_sub          shift, and go to state 9
    Operator_addadd       shift, and go to state 10
    Operator_subsub       shift, and go to state 11
    Operator_mul          shift, and go to state 12
    Operator_not          shift, and go to state 13
    Operator_bit_and      shift, and go to state 14
    Operator_bit_not      shift, and go to state 15
    Operator_sizeof       shift, and go to state 16
    Punctuator_par_open   shift, and go to state 17

    primary_EXPR         go to state 18
    Constant             go to state 19
    postfix_EXPR         go to state 20
    unary_EXPR           go to state 70
    unary_operator       go to state 22
    cast_EXPR            go to state 23
    multiplicative_EXPR  go to state 24
    additive_EXPR        go to state 25
    shift_EXPR           go to state 26
    relational_EXPR      go to state 27
    equality_EXPR        go to state 28
    BIT_AND_EXPR         go to state 29
    BIT_XBIT_OR_EXPR     go to state 30
    BIT_OR_EXPR          go to state 31
    LOGIC_AND_EXPR       go to state 120


State 90

   70 conditional_EXPR: LOGIC_OR_EXPR Operator_trinary_question . EXPR Operator_trinary_choice conditional_EXPR

    Constant_int          shift, and go to state 1
    Constant_char         shift, and go to state 2
    Constant_double       shift, and go to state 3
    Constant_float        shift, and go to state 4
    Constant_long_double  shift, and go to state 5
    String                shift, and go to state 6
    Identifier            shift, and go to state 7
    Operator_add          shift, and go to state 8
    Operator_sub          shift, and go to state 9
    Operator_addadd       shift, and go to state 10
    Operator_subsub       shift, and go to state 11
    Operator_mul          shift, and go to state 12
    Operator_not          shift, and go to state 13
    Operator_bit_and      shift, and go to state 14
    Operator_bit_not      shift, and go to state 15
    Operator_sizeof       shift, and go to state 16
    Punctuator_par_open   shift, and go to state 17

    primary_EXPR         go to state 18
    Constant             go to state 19
    postfix_EXPR         go to state 20
    unary_EXPR           go to state 21
    unary_operator       go to state 22
    cast_EXPR            go to state 23
    multiplicative_EXPR  go to state 24
    additive_EXPR        go to state 25
    shift_EXPR           go to state 26
    relational_EXPR      go to state 27
    equality_EXPR        go to state 28
    BIT_AND_EXPR         go to state 29
    BIT_XBIT_OR_EXPR     go to state 30
    BIT_OR_EXPR          go to state 31
    LOGIC_AND_EXPR       go to state 32
    LOGIC_OR_EXPR        go to state 33
    conditional_EXPR     go to state 34
    assignment_EXPR      go to state 35
    EXPR                 go to state 121


State 91

   85 EXPR: EXPR Operator_comma . assignment_EXPR

    Constant_int          shift, and go to state 1
    Constant_char         shift, and go to state 2
    Constant_double       shift, and go to state 3
    Constant_float        shift, and go to state 4
    Constant_long_double  shift, and go to state 5
    String                shift, and go to state 6
    Identifier            shift, and go to state 7
    Operator_add          shift, and go to state 8
    Operator_sub          shift, and go to state 9
    Operator_addadd       shift, and go to state 10
    Operator_subsub       shift, and go to state 11
    Operator_mul          shift, and go to state 12
    Operator_not          shift, and go to state 13
    Operator_bit_and      shift, and go to state 14
    Operator_bit_not      shift, and go to state 15
    Operator_sizeof       shift, and go to state 16
    Punctuator_par_open   shift, and go to state 17

    primary_EXPR         go to state 18
    Constant             go to state 19
    postfix_EXPR         go to state 20
    unary_EXPR           go to state 21
    unary_operator       go to state 22
    cast_EXPR            go to state 23
    multiplicative_EXPR  go to state 24
    additive_EXPR        go to state 25
    shift_EXPR           go to state 26
    relational_EXPR      go to state 27
    equality_EXPR        go to state 28
    BIT_AND_EXPR         go to state 29
    BIT_XBIT_OR_EXPR     go to state 30
    BIT_OR_EXPR          go to state 31
    LOGIC_AND_EXPR       go to state 32
    LOGIC_OR_EXPR        go to state 33
    conditional_EXPR     go to state 34
    assignment_EXPR      go to state 122


State 92

    0 $accept: ROOT $end .

    $default  accept


State 93

   25 unary_EXPR: Operator_sizeof Punctuator_par_open type_name . Punctuator_par_close

    Punctuator_par_close  shift, and go to state 123


State 94

   40 cast_EXPR: Punctuator_par_open type_name Punctuator_par_close . cast_EXPR

    Constant_int          shift, and go to state 1
    Constant_char         shift, and go to state 2
    Constant_double       shift, and go to state 3
    Constant_float        shift, and go to state 4
    Constant_long_double  shift, and go to state 5
    String                shift, and go to state 6
    Identifier            shift, and go to state 7
    Operator_add          shift, and go to state 8
    Operator_sub          shift, and go to state 9
    Operator_addadd       shift, and go to state 10
    Operator_subsub       shift, and go to state 11
    Operator_mul          shift, and go to state 12
    Operator_not          shift, and go to state 13
    Operator_bit_and      shift, and go to state 14
    Operator_bit_not      shift, and go to state 15
    Operator_sizeof       shift, and go to state 16
    Punctuator_par_open   shift, and go to state 17

    primary_EXPR    go to state 18
    Constant        go to state 19
    postfix_EXPR    go to state 20
    unary_EXPR      go to state 70
    unary_operator  go to state 22
    cast_EXPR       go to state 124


State 95

    4 primary_EXPR: Punctuator_par_open EXPR Punctuator_par_close .

    $default  reduce using rule 4 (primary_EXPR)


State 96

   14 postfix_EXPR: postfix_EXPR Operator_access Identifier .

    $default  reduce using rule 14 (postfix_EXPR)


State 97

   15 postfix_EXPR: postfix_EXPR Operator_deref_access Identifier .

    $default  reduce using rule 15 (postfix_EXPR)


State 98

   12 postfix_EXPR: postfix_EXPR Punctuator_par_open Punctuator_par_close .

    $default  reduce using rule 12 (postfix_EXPR)


State 99

   13 postfix_EXPR: postfix_EXPR Punctuator_par_open argument_EXPR_list . Punctuator_par_close
   19 argument_EXPR_list: argument_EXPR_list . Operator_comma assignment_EXPR

    Operator_comma        shift, and go to state 125
    Punctuator_par_close  shift, and go to state 126


State 100

   18 argument_EXPR_list: assignment_EXPR .

    $default  reduce using rule 18 (argument_EXPR_list)


State 101

   11 postfix_EXPR: postfix_EXPR Punctuator_squ_open EXPR . Punctuator_squ_close
   85 EXPR: EXPR . Operator_comma assignment_EXPR

    Operator_comma        shift, and go to state 91
    Punctuator_squ_close  shift, and go to state 127


State 102

   72 assignment_EXPR: unary_EXPR assignment assignment_EXPR .

    $default  reduce using rule 72 (assignment_EXPR)


State 103

   42 multiplicative_EXPR: multiplicative_EXPR Operator_mul cast_EXPR .

    $default  reduce using rule 42 (multiplicative_EXPR)


State 104

   43 multiplicative_EXPR: multiplicative_EXPR Operator_div cast_EXPR .

    $default  reduce using rule 43 (multiplicative_EXPR)


State 105

   44 multiplicative_EXPR: multiplicative_EXPR Operator_mod cast_EXPR .

    $default  reduce using rule 44 (multiplicative_EXPR)


State 106

   42 multiplicative_EXPR: multiplicative_EXPR . Operator_mul cast_EXPR
   43                    | multiplicative_EXPR . Operator_div cast_EXPR
   44                    | multiplicative_EXPR . Operator_mod cast_EXPR
   46 additive_EXPR: additive_EXPR Operator_add multiplicative_EXPR .

    Operator_mul  shift, and go to state 72
    Operator_div  shift, and go to state 73
    Operator_mod  shift, and go to state 74

    $default  reduce using rule 46 (additive_EXPR)


State 107

   42 multiplicative_EXPR: multiplicative_EXPR . Operator_mul cast_EXPR
   43                    | multiplicative_EXPR . Operator_div cast_EXPR
   44                    | multiplicative_EXPR . Operator_mod cast_EXPR
   47 additive_EXPR: additive_EXPR Operator_sub multiplicative_EXPR .

    Operator_mul  shift, and go to state 72
    Operator_div  shift, and go to state 73
    Operator_mod  shift, and go to state 74

    $default  reduce using rule 47 (additive_EXPR)


State 108

   46 additive_EXPR: additive_EXPR . Operator_add multiplicative_EXPR
   47              | additive_EXPR . Operator_sub multiplicative_EXPR
   49 shift_EXPR: shift_EXPR Operator_sl additive_EXPR .

    Operator_add  shift, and go to state 75
    Operator_sub  shift, and go to state 76

    $default  reduce using rule 49 (shift_EXPR)


State 109

   46 additive_EXPR: additive_EXPR . Operator_add multiplicative_EXPR
   47              | additive_EXPR . Operator_sub multiplicative_EXPR
   50 shift_EXPR: shift_EXPR Operator_sr additive_EXPR .

    Operator_add  shift, and go to state 75
    Operator_sub  shift, and go to state 76

    $default  reduce using rule 50 (shift_EXPR)


State 110

   49 shift_EXPR: shift_EXPR . Operator_sl additive_EXPR
   50           | shift_EXPR . Operator_sr additive_EXPR
   53 relational_EXPR: relational_EXPR Operator_greater shift_EXPR .

    Operator_sl  shift, and go to state 77
    Operator_sr  shift, and go to state 78

    $default  reduce using rule 53 (relational_EXPR)


State 111

   49 shift_EXPR: shift_EXPR . Operator_sl additive_EXPR
   50           | shift_EXPR . Operator_sr additive_EXPR
   52 relational_EXPR: relational_EXPR Operator_less shift_EXPR .

    Operator_sl  shift, and go to state 77
    Operator_sr  shift, and go to state 78

    $default  reduce using rule 52 (relational_EXPR)


State 112

   49 shift_EXPR: shift_EXPR . Operator_sl additive_EXPR
   50           | shift_EXPR . Operator_sr additive_EXPR
   55 relational_EXPR: relational_EXPR Operator_greater_equal shift_EXPR .

    Operator_sl  shift, and go to state 77
    Operator_sr  shift, and go to state 78

    $default  reduce using rule 55 (relational_EXPR)


State 113

   49 shift_EXPR: shift_EXPR . Operator_sl additive_EXPR
   50           | shift_EXPR . Operator_sr additive_EXPR
   54 relational_EXPR: relational_EXPR Operator_less_equal shift_EXPR .

    Operator_sl  shift, and go to state 77
    Operator_sr  shift, and go to state 78

    $default  reduce using rule 54 (relational_EXPR)


State 114

   52 relational_EXPR: relational_EXPR . Operator_less shift_EXPR
   53                | relational_EXPR . Operator_greater shift_EXPR
   54                | relational_EXPR . Operator_less_equal shift_EXPR
   55                | relational_EXPR . Operator_greater_equal shift_EXPR
   57 equality_EXPR: equality_EXPR Operator_equal relational_EXPR .

    Operator_greater        shift, and go to state 79
    Operator_less           shift, and go to state 80
    Operator_greater_equal  shift, and go to state 81
    Operator_less_equal     shift, and go to state 82

    $default  reduce using rule 57 (equality_EXPR)


State 115

   52 relational_EXPR: relational_EXPR . Operator_less shift_EXPR
   53                | relational_EXPR . Operator_greater shift_EXPR
   54                | relational_EXPR . Operator_less_equal shift_EXPR
   55                | relational_EXPR . Operator_greater_equal shift_EXPR
   58 equality_EXPR: equality_EXPR Operator_not_equal relational_EXPR .

    Operator_greater        shift, and go to state 79
    Operator_less           shift, and go to state 80
    Operator_greater_equal  shift, and go to state 81
    Operator_less_equal     shift, and go to state 82

    $default  reduce using rule 58 (equality_EXPR)


State 116

   57 equality_EXPR: equality_EXPR . Operator_equal relational_EXPR
   58              | equality_EXPR . Operator_not_equal relational_EXPR
   60 BIT_AND_EXPR: BIT_AND_EXPR Operator_bit_and equality_EXPR .

    Operator_equal      shift, and go to state 83
    Operator_not_equal  shift, and go to state 84

    $default  reduce using rule 60 (BIT_AND_EXPR)


State 117

   60 BIT_AND_EXPR: BIT_AND_EXPR . Operator_bit_and equality_EXPR
   62 BIT_XBIT_OR_EXPR: BIT_XBIT_OR_EXPR Operator_bit_xor BIT_AND_EXPR .

    Operator_bit_and  shift, and go to state 85

    $default  reduce using rule 62 (BIT_XBIT_OR_EXPR)


State 118

   62 BIT_XBIT_OR_EXPR: BIT_XBIT_OR_EXPR . Operator_bit_xor BIT_AND_EXPR
   64 BIT_OR_EXPR: BIT_OR_EXPR Operator_bit_or BIT_XBIT_OR_EXPR .

    Operator_bit_xor  shift, and go to state 86

    $default  reduce using rule 64 (BIT_OR_EXPR)


State 119

   64 BIT_OR_EXPR: BIT_OR_EXPR . Operator_bit_or BIT_XBIT_OR_EXPR
   66 LOGIC_AND_EXPR: LOGIC_AND_EXPR Operator_and BIT_OR_EXPR .

    Operator_bit_or  shift, and go to state 87

    $default  reduce using rule 66 (LOGIC_AND_EXPR)


State 120

   66 LOGIC_AND_EXPR: LOGIC_AND_EXPR . Operator_and BIT_OR_EXPR
   68 LOGIC_OR_EXPR: LOGIC_OR_EXPR Operator_or LOGIC_AND_EXPR .

    Operator_and  shift, and go to state 88

    $default  reduce using rule 68 (LOGIC_OR_EXPR)


State 121

   70 conditional_EXPR: LOGIC_OR_EXPR Operator_trinary_question EXPR . Operator_trinary_choice conditional_EXPR
   85 EXPR: EXPR . Operator_comma assignment_EXPR

    Operator_trinary_choice  shift, and go to state 128
    Operator_comma           shift, and go to state 91


State 122

   85 EXPR: EXPR Operator_comma assignment_EXPR .

    $default  reduce using rule 85 (EXPR)


State 123

   25 unary_EXPR: Operator_sizeof Punctuator_par_open type_name Punctuator_par_close .

    $default  reduce using rule 25 (unary_EXPR)


State 124

   40 cast_EXPR: Punctuator_par_open type_name Punctuator_par_close cast_EXPR .

    $default  reduce using rule 40 (cast_EXPR)


State 125

   19 argument_EXPR_list: argument_EXPR_list Operator_comma . assignment_EXPR

    Constant_int          shift, and go to state 1
    Constant_char         shift, and go to state 2
    Constant_double       shift, and go to state 3
    Constant_float        shift, and go to state 4
    Constant_long_double  shift, and go to state 5
    String                shift, and go to state 6
    Identifier            shift, and go to state 7
    Operator_add          shift, and go to state 8
    Operator_sub          shift, and go to state 9
    Operator_addadd       shift, and go to state 10
    Operator_subsub       shift, and go to state 11
    Operator_mul          shift, and go to state 12
    Operator_not          shift, and go to state 13
    Operator_bit_and      shift, and go to state 14
    Operator_bit_not      shift, and go to state 15
    Operator_sizeof       shift, and go to state 16
    Punctuator_par_open   shift, and go to state 17

    primary_EXPR         go to state 18
    Constant             go to state 19
    postfix_EXPR         go to state 20
    unary_EXPR           go to state 21
    unary_operator       go to state 22
    cast_EXPR            go to state 23
    multiplicative_EXPR  go to state 24
    additive_EXPR        go to state 25
    shift_EXPR           go to state 26
    relational_EXPR      go to state 27
    equality_EXPR        go to state 28
    BIT_AND_EXPR         go to state 29
    BIT_XBIT_OR_EXPR     go to state 30
    BIT_OR_EXPR          go to state 31
    LOGIC_AND_EXPR       go to state 32
    LOGIC_OR_EXPR        go to state 33
    conditional_EXPR     go to state 34
    assignment_EXPR      go to state 129


State 126

   13 postfix_EXPR: postfix_EXPR Punctuator_par_open argument_EXPR_list Punctuator_par_close .

    $default  reduce using rule 13 (postfix_EXPR)


State 127

   11 postfix_EXPR: postfix_EXPR Punctuator_squ_open EXPR Punctuator_squ_close .

    $default  reduce using rule 11 (postfix_EXPR)


State 128

   70 conditional_EXPR: LOGIC_OR_EXPR Operator_trinary_question EXPR Operator_trinary_choice . conditional_EXPR

    Constant_int          shift, and go to state 1
    Constant_char         shift, and go to state 2
    Constant_double       shift, and go to state 3
    Constant_float        shift, and go to state 4
    Constant_long_double  shift, and go to state 5
    String                shift, and go to state 6
    Identifier            shift, and go to state 7
    Operator_add          shift, and go to state 8
    Operator_sub          shift, and go to state 9
    Operator_addadd       shift, and go to state 10
    Operator_subsub       shift, and go to state 11
    Operator_mul          shift, and go to state 12
    Operator_not          shift, and go to state 13
    Operator_bit_and      shift, and go to state 14
    Operator_bit_not      shift, and go to state 15
    Operator_sizeof       shift, and go to state 16
    Punctuator_par_open   shift, and go to state 17

    primary_EXPR         go to state 18
    Constant             go to state 19
    postfix_EXPR         go to state 20
    unary_EXPR           go to state 70
    unary_operator       go to state 22
    cast_EXPR            go to state 23
    multiplicative_EXPR  go to state 24
    additive_EXPR        go to state 25
    shift_EXPR           go to state 26
    relational_EXPR      go to state 27
    equality_EXPR        go to state 28
    BIT_AND_EXPR         go to state 29
    BIT_XBIT_OR_EXPR     go to state 30
    BIT_OR_EXPR          go to state 31
    LOGIC_AND_EXPR       go to state 32
    LOGIC_OR_EXPR        go to state 33
    conditional_EXPR     go to state 130


State 129

   19 argument_EXPR_list: argument_EXPR_list Operator_comma assignment_EXPR .

    $default  reduce using rule 19 (argument_EXPR_list)


State 130

   70 conditional_EXPR: LOGIC_OR_EXPR Operator_trinary_question EXPR Operator_trinary_choice conditional_EXPR .

    $default  reduce using rule 70 (conditional_EXPR)
