[    0.000000] Initializing cgroup subsys cpuset
[    0.000000] Initializing cgroup subsys cpu
[    0.000000] Initializing cgroup subsys cpuacct
[    0.000000] Linux version 4.4.0-174-generic (buildd@lcy01-amd64-027) (gcc version 5.4.0 20160609 (Ubuntu 5.4.0-6ubuntu1~16.04.12) ) #204-Ubuntu SMP Wed Jan 29 06:41:01 UTC 2020 (Ubuntu 4.4.0-174.204-generic 4.4.211)
[    0.000000] Command line: BOOT_IMAGE=/boot/vmlinuz-4.4.0-174-generic root=LABEL=cloudimg-rootfs ro console=tty1 console=ttyS0
[    0.000000] KERNEL supported cpus:
[    0.000000]   Intel GenuineIntel
[    0.000000]   AMD AuthenticAMD
[    0.000000]   Centaur CentaurHauls
[    0.000000] x86/fpu: xstate_offset[2]:  576, xstate_sizes[2]:  256
[    0.000000] x86/fpu: Supporting XSAVE feature 0x01: 'x87 floating point registers'
[    0.000000] x86/fpu: Supporting XSAVE feature 0x02: 'SSE registers'
[    0.000000] x86/fpu: Supporting XSAVE feature 0x04: 'AVX registers'
[    0.000000] x86/fpu: Enabled xstate features 0x7, context size is 832 bytes, using 'standard' format.
[    0.000000] e820: BIOS-provided physical RAM map:
[    0.000000] BIOS-e820: [mem 0x0000000000000000-0x000000000009fbff] usable
[    0.000000] BIOS-e820: [mem 0x000000000009fc00-0x000000000009ffff] reserved
[    0.000000] BIOS-e820: [mem 0x00000000000f0000-0x00000000000fffff] reserved
[    0.000000] BIOS-e820: [mem 0x0000000000100000-0x000000003ffeffff] usable
[    0.000000] BIOS-e820: [mem 0x000000003fff0000-0x000000003fffffff] ACPI data
[    0.000000] BIOS-e820: [mem 0x00000000fec00000-0x00000000fec00fff] reserved
[    0.000000] BIOS-e820: [mem 0x00000000fee00000-0x00000000fee00fff] reserved
[    0.000000] BIOS-e820: [mem 0x00000000fffc0000-0x00000000ffffffff] reserved
[    0.000000] NX (Execute Disable) protection: active
[    0.000000] SMBIOS 2.5 present.
[    0.000000] Hypervisor detected: KVM
[    0.000000] e820: last_pfn = 0x3fff0 max_arch_pfn = 0x400000000
[    0.000000] MTRR: Disabled
[    0.000000] x86/PAT: MTRRs disabled, skipping PAT initialization too.
[    0.000000] CPU MTRRs all blank - virtualized system.
[    0.000000] x86/PAT: Configuration [0-7]: WB  WT  UC- UC  WB  WT  UC- UC  
[    0.000000] found SMP MP-table at [mem 0x0009fff0-0x0009ffff] mapped at [ffff88000009fff0]
[    0.000000] Scanning 1 areas for low memory corruption
[    0.000000] RAMDISK: [mem 0x362e2000-0x37168fff]
[    0.000000] ACPI: Early table checksum verification disabled
[    0.000000] ACPI: RSDP 0x00000000000E0000 000024 (v02 VBOX  )
[    0.000000] ACPI: XSDT 0x000000003FFF0030 00003C (v01 VBOX   VBOXXSDT 00000001 ASL  00000061)
[    0.000000] ACPI: FACP 0x000000003FFF00F0 0000F4 (v04 VBOX   VBOXFACP 00000001 ASL  00000061)
[    0.000000] ACPI: DSDT 0x000000003FFF0470 0022EA (v02 VBOX   VBOXBIOS 00000002 INTL 20100528)
[    0.000000] ACPI: FACS 0x000000003FFF0200 000040
[    0.000000] ACPI: FACS 0x000000003FFF0200 000040
[    0.000000] ACPI: APIC 0x000000003FFF0240 00005C (v02 VBOX   VBOXAPIC 00000001 ASL  00000061)
[    0.000000] ACPI: SSDT 0x000000003FFF02A0 0001CC (v01 VBOX   VBOXCPUT 00000002 INTL 20100528)
[    0.000000] No NUMA configuration found
[    0.000000] Faking a node at [mem 0x0000000000000000-0x000000003ffeffff]
[    0.000000] NODE_DATA(0) allocated [mem 0x3ffeb000-0x3ffeffff]
[    0.000000] kvm-clock: Using msrs 4b564d01 and 4b564d00
[    0.000000] kvm-clock: cpu 0, msr 0:3ffe3001, primary cpu clock
[    0.000000] kvm-clock: using sched offset of 5689028869 cycles
[    0.000000] clocksource: kvm-clock: mask: 0xffffffffffffffff max_cycles: 0x1cd42e4dffb, max_idle_ns: 881590591483 ns
[    0.000000] Zone ranges:
[    0.000000]   DMA      [mem 0x0000000000001000-0x0000000000ffffff]
[    0.000000]   DMA32    [mem 0x0000000001000000-0x000000003ffeffff]
[    0.000000]   Normal   empty
[    0.000000]   Device   empty
[    0.000000] Movable zone start for each node
[    0.000000] Early memory node ranges
[    0.000000]   node   0: [mem 0x0000000000001000-0x000000000009efff]
[    0.000000]   node   0: [mem 0x0000000000100000-0x000000003ffeffff]
[    0.000000] Initmem setup node 0 [mem 0x0000000000001000-0x000000003ffeffff]
[    0.000000] ACPI: PM-Timer IO Port: 0x4008
[    0.000000] IOAPIC[0]: apic_id 2, version 32, address 0xfec00000, GSI 0-23
[    0.000000] ACPI: INT_SRC_OVR (bus 0 bus_irq 0 global_irq 2 dfl dfl)
[    0.000000] ACPI: INT_SRC_OVR (bus 0 bus_irq 9 global_irq 9 low level)
[    0.000000] Using ACPI (MADT) for SMP configuration information
[    0.000000] smpboot: Allowing 2 CPUs, 0 hotplug CPUs
[    0.000000] PM: Registered nosave memory: [mem 0x00000000-0x00000fff]
[    0.000000] PM: Registered nosave memory: [mem 0x0009f000-0x0009ffff]
[    0.000000] PM: Registered nosave memory: [mem 0x000a0000-0x000effff]
[    0.000000] PM: Registered nosave memory: [mem 0x000f0000-0x000fffff]
[    0.000000] e820: [mem 0x40000000-0xfebfffff] available for PCI devices
[    0.000000] Booting paravirtualized kernel on KVM
[    0.000000] clocksource: refined-jiffies: mask: 0xffffffff max_cycles: 0xffffffff, max_idle_ns: 7645519600211568 ns
[    0.000000] setup_percpu: NR_CPUS:512 nr_cpumask_bits:512 nr_cpu_ids:2 nr_node_ids:1
[    0.000000] PERCPU: Embedded 33 pages/cpu @ffff88003fc00000 s95448 r8192 d31528 u1048576
[    0.000000] Built 1 zonelists in Node order, mobility grouping on.  Total pages: 257912
[    0.000000] Policy zone: DMA32
[    0.000000] Kernel command line: BOOT_IMAGE=/boot/vmlinuz-4.4.0-174-generic root=LABEL=cloudimg-rootfs ro console=tty1 console=ttyS0
[    0.000000] PID hash table entries: 4096 (order: 3, 32768 bytes)
[    0.000000] Memory: 997676K/1048120K available (8626K kernel code, 1336K rwdata, 4032K rodata, 1488K init, 1292K bss, 50444K reserved, 0K cma-reserved)
[    0.000000] SLUB: HWalign=64, Order=0-3, MinObjects=0, CPUs=2, Nodes=1
[    0.000000] Kernel/User page tables isolation: enabled
[    0.000000] Hierarchical RCU implementation.
[    0.000000] 	Build-time adjustment of leaf fanout to 64.
[    0.000000] 	RCU restricting CPUs from NR_CPUS=512 to nr_cpu_ids=2.
[    0.000000] RCU: Adjusting geometry for rcu_fanout_leaf=64, nr_cpu_ids=2
[    0.000000] NR_IRQS:33024 nr_irqs:440 16
[    0.000000] Console: colour VGA+ 80x25
[    0.000000] console [tty1] enabled
[    0.000000] console [ttyS0] enabled
[    0.000000] tsc: Detected 1799.999 MHz processor
[    0.236947] Calibrating delay loop (skipped) preset value.. 3599.99 BogoMIPS (lpj=7199996)
[    0.241081] pid_max: default: 32768 minimum: 301
[    0.242984] ACPI: Core revision 20150930
[    0.245539] ACPI: 2 ACPI AML tables successfully acquired and loaded
[    0.248654] Security Framework initialized
[    0.250498] Yama: becoming mindful.
[    0.251896] AppArmor: AppArmor initialized
[    0.253572] Dentry cache hash table entries: 131072 (order: 8, 1048576 bytes)
[    0.260427] Inode-cache hash table entries: 65536 (order: 7, 524288 bytes)
[    0.263526] Mount-cache hash table entries: 2048 (order: 2, 16384 bytes)
[    0.266562] Mountpoint-cache hash table entries: 2048 (order: 2, 16384 bytes)
[    0.269423] Initializing cgroup subsys io
[    0.271304] Initializing cgroup subsys memory
[    0.273029] Initializing cgroup subsys devices
[    0.274658] Initializing cgroup subsys freezer
[    0.276324] Initializing cgroup subsys net_cls
[    0.278006] Initializing cgroup subsys perf_event
[    0.279722] Initializing cgroup subsys net_prio
[    0.281813] Initializing cgroup subsys hugetlb
[    0.283685] Initializing cgroup subsys pids
[    0.286759] mce: CPU supports 0 MCE banks
[    0.288465] Last level iTLB entries: 4KB 64, 2MB 8, 4MB 8
[    0.290456] Last level dTLB entries: 4KB 64, 2MB 0, 4MB 0, 1GB 4
[    0.293113] Spectre V1 : Mitigation: usercopy/swapgs barriers and __user pointer sanitization
[    0.297469] Spectre V2 : Mitigation: Full generic retpoline
[    0.299716] Spectre V2 : Spectre v2 / SpectreRSB mitigation: Filling RSB on context switch
[    0.303385] Speculative Store Bypass: Vulnerable
[    0.306126] MDS: Vulnerable: Clear CPU buffers attempted, no microcode
[    0.313233] Freeing SMP alternatives memory: 36K
[    0.325989] ftrace: allocating 32305 entries in 127 pages
[    0.424217] smpboot: APIC(0) Converting physical 0 to logical package 0
[    0.426833] smpboot: Max logical packages: 1
[    0.428886] x2apic enabled
[    0.430243] Switched APIC routing to physical x2apic.
[    0.433314] ..TIMER: vector=0x30 apic1=0 pin1=2 apic2=-1 pin2=-1
[    0.543605] smpboot: CPU0: Intel(R) Core(TM) i5-5350U CPU @ 1.80GHz (family: 0x6, model: 0x3d, stepping: 0x4)
[    0.547402] Performance Events: unsupported p6 CPU model 61 no PMU driver, software events only.
[    0.562346] KVM setup paravirtual spinlock
[    0.564633] x86: Booting SMP configuration:
[    0.566230] .... node  #0, CPUs:      #1
[    0.568027] kvm-clock: cpu 1, msr 0:3ffe3041, secondary cpu clock
[    0.571503] mce: CPU supports 0 MCE banks
[    0.575165] x86: Booted up 1 node, 2 CPUs
[    0.577127] smpboot: Total of 2 processors activated (7199.99 BogoMIPS)
[    0.580809] devtmpfs: initialized
[    0.585480] evm: security.selinux
[    0.587144] evm: security.SMACK64
[    0.588857] evm: security.SMACK64EXEC
[    0.590347] evm: security.SMACK64TRANSMUTE
[    0.592190] evm: security.SMACK64MMAP
[    0.593664] evm: security.ima
[    0.594838] evm: security.capability
[    0.596550] clocksource: jiffies: mask: 0xffffffff max_cycles: 0xffffffff, max_idle_ns: 7645041785100000 ns
[    0.600258] futex hash table entries: 512 (order: 3, 32768 bytes)
[    0.602531] pinctrl core: initialized pinctrl subsystem
[    0.604797] RTC time: 17:18:07, date: 02/28/20
[    0.606702] NET: Registered protocol family 16
[    0.624335] cpuidle: using governor ladder
[    0.640613] cpuidle: using governor menu
[    0.643063] PCCT header not found.
[    0.645166] ACPI: bus type PCI registered
[    0.646980] acpiphp: ACPI Hot Plug PCI Controller Driver version: 0.5
[    0.649414] PCI: Using configuration type 1 for base access
[    0.665793] ACPI: Added _OSI(Module Device)
[    0.668485] ACPI: Added _OSI(Processor Device)
[    0.670911] ACPI: Added _OSI(3.0 _SCP Extensions)
[    0.673562] ACPI: Added _OSI(Processor Aggregator Device)
[    0.677351] ACPI: Executed 1 blocks of module-level executable AML code
[    0.682051] ACPI: Interpreter enabled
[    0.683588] ACPI: (supports S0 S5)
[    0.684920] ACPI: Using IOAPIC for interrupt routing
[    0.686960] PCI: Using host bridge windows from ACPI; if necessary, use "pci=nocrs" and report a bug
[    0.696983] ACPI: PCI Root Bridge [PCI0] (domain 0000 [bus 00-ff])
[    0.699502] acpi PNP0A03:00: _OSC: OS supports [ASPM ClockPM Segments MSI]
[    0.702269] acpi PNP0A03:00: _OSC: not requesting OS control; OS requires [ExtendedConfig ASPM ClockPM MSI]
[    0.705952] acpi PNP0A03:00: fail to add MMCONFIG information, can't access extended PCI configuration space under this bridge.
[    0.711331] PCI host bridge to bus 0000:00
[    0.712850] pci_bus 0000:00: root bus resource [io  0x0000-0x0cf7 window]
[    0.715478] pci_bus 0000:00: root bus resource [io  0x0d00-0xffff window]
[    0.718196] pci_bus 0000:00: root bus resource [mem 0x000a0000-0x000bffff window]
[    0.721145] pci_bus 0000:00: root bus resource [mem 0x40000000-0xfdffffff window]
[    0.723944] pci_bus 0000:00: root bus resource [bus 00-ff]
[    0.730061] pci 0000:00:01.1: legacy IDE quirk: reg 0x10: [io  0x01f0-0x01f7]
[    0.732626] pci 0000:00:01.1: legacy IDE quirk: reg 0x14: [io  0x03f6]
[    0.734846] pci 0000:00:01.1: legacy IDE quirk: reg 0x18: [io  0x0170-0x0177]
[    0.737568] pci 0000:00:01.1: legacy IDE quirk: reg 0x1c: [io  0x0376]
[    0.775939] pci 0000:00:07.0: quirk: [io  0x4000-0x403f] claimed by PIIX4 ACPI
[    0.778758] pci 0000:00:07.0: quirk: [io  0x4100-0x410f] claimed by PIIX4 SMB
[    0.790600] ACPI: PCI Interrupt Link [LNKA] (IRQs 5 9 10 *11)
[    0.793694] ACPI: PCI Interrupt Link [LNKB] (IRQs 5 9 *10 11)
[    0.796729] ACPI: PCI Interrupt Link [LNKC] (IRQs 5 *9 10 11)
[    0.799584] ACPI: PCI Interrupt Link [LNKD] (IRQs 5 9 10 *11)
[    0.802427] ACPI: Enabled 2 GPEs in block 00 to 07
[    0.804807] vgaarb: setting as boot device: PCI:0000:00:02.0
[    0.807205] vgaarb: device added: PCI:0000:00:02.0,decodes=io+mem,owns=io+mem,locks=none
[    0.810241] vgaarb: loaded
[    0.811507] vgaarb: bridge control possible 0000:00:02.0
[    0.814027] SCSI subsystem initialized
[    0.815849] ACPI: bus type USB registered
[    0.817655] usbcore: registered new interface driver usbfs
[    0.819800] usbcore: registered new interface driver hub
[    0.821727] usbcore: registered new device driver usb
[    0.824124] PCI: Using ACPI for IRQ routing
[    0.826182] NetLabel: Initializing
[    0.827854] NetLabel:  domain hash size = 128
[    0.829808] NetLabel:  protocols = UNLABELED CIPSOv4
[    0.835316] NetLabel:  unlabeled traffic allowed by default
[    0.838444] amd_nb: Cannot enumerate AMD northbridges
[    0.840776] clocksource: Switched to clocksource kvm-clock
[    0.852556] AppArmor: AppArmor Filesystem Enabled
[    0.854482] pnp: PnP ACPI init
[    0.857269] pnp: PnP ACPI: found 3 devices
[    0.870569] clocksource: acpi_pm: mask: 0xffffff max_cycles: 0xffffff, max_idle_ns: 2085701024 ns
[    0.873795] NET: Registered protocol family 2
[    0.875564] TCP established hash table entries: 8192 (order: 4, 65536 bytes)
[    0.878143] TCP bind hash table entries: 8192 (order: 5, 131072 bytes)
[    0.880421] TCP: Hash tables configured (established 8192 bind 8192)
[    0.882720] UDP hash table entries: 512 (order: 2, 16384 bytes)
[    0.884735] UDP-Lite hash table entries: 512 (order: 2, 16384 bytes)
[    0.887150] NET: Registered protocol family 1
[    0.888784] pci 0000:00:00.0: Limiting direct PCI/PCI transfers
[    0.890993] pci 0000:00:01.0: Activating ISA DMA hang workarounds
[    0.893312] Unpacking initramfs...
[    1.160346] Freeing initrd memory: 14876K
[    1.162183] RAPL PMU detected, API unit is 2^-32 Joules, 4 fixed counters 10737418240 ms ovfl timer
[    1.165371] hw unit of domain pp0-core 2^-0 Joules
[    1.167330] hw unit of domain package 2^-0 Joules
[    1.169252] hw unit of domain dram 2^-0 Joules
[    1.170919] hw unit of domain pp1-gpu 2^-0 Joules
[    1.172618] clocksource: tsc: mask: 0xffffffffffffffff max_cycles: 0x19f228ab7a2, max_idle_ns: 440795289252 ns
[    1.176456] platform rtc_cmos: registered platform RTC device (no PNP device found)
[    1.179933] Scanning for low memory corruption every 60 seconds
[    1.182742] audit: initializing netlink subsys (disabled)
[    1.184703] audit: type=2000 audit(1582910294.602:1): initialized
[    1.187181] Initialise system trusted keyring
[    1.189034] HugeTLB registered 2 MB page size, pre-allocated 0 pages
[    1.192610] zbud: loaded
[    1.194186] VFS: Disk quotas dquot_6.6.0
[    1.195710] VFS: Dquot-cache hash table entries: 512 (order 0, 4096 bytes)
[    1.198439] squashfs: version 4.0 (2009/01/31) Phillip Lougher
[    1.200853] fuse init (API version 7.23)
[    1.202460] Key type big_key registered
[    1.203924] Allocating IMA MOK and blacklist keyrings.
[    1.208137] Key type asymmetric registered
[    1.209738] Asymmetric key parser 'x509' registered
[    1.211583] Block layer SCSI generic (bsg) driver version 0.4 loaded (major 249)
[    1.214565] io scheduler noop registered
[    1.216048] io scheduler deadline registered (default)
[    1.218035] io scheduler cfq registered
[    1.219586] pci_hotplug: PCI Hot Plug PCI Core version: 0.5
[    1.221618] pciehp: PCI Express Hot Plug Controller Driver version: 0.4
[    1.224296] ACPI: AC Adapter [AC] (off-line)
[    1.226016] input: Power Button as /devices/LNXSYSTM:00/LNXPWRBN:00/input/input0
[    1.228939] ACPI: Power Button [PWRF]
[    1.230709] input: Sleep Button as /devices/LNXSYSTM:00/LNXSLPBN:00/input/input1
[    1.233424] ACPI: Sleep Button [SLPF]
[    1.237022] GHES: HEST is not enabled!
[    1.237675] ACPI: Battery Slot [BAT0] (battery present)
[    1.241790] Serial: 8250/16550 driver, 32 ports, IRQ sharing enabled
[    1.265064] 00:02: ttyS0 at I/O 0x3f8 (irq = 4, base_baud = 115200) is a 16550A
[    1.271282] Linux agpgart interface v0.103
[    1.276642] loop: module loaded
[    1.278792] scsi host0: ata_piix
[    1.280288] scsi host1: ata_piix
[    1.281824] ata1: PATA max UDMA/33 cmd 0x1f0 ctl 0x3f6 bmdma 0xd000 irq 14
[    1.287509] ata2: PATA max UDMA/33 cmd 0x170 ctl 0x376 bmdma 0xd008 irq 15
[    1.290900] libphy: Fixed MDIO Bus: probed
[    1.292382] tun: Universal TUN/TAP device driver, 1.6
[    1.294219] tun: (C) 1999-2004 Max Krasnyansky <maxk@qualcomm.com>
[    1.296722] PPP generic driver version 2.4.2
[    1.298595] ehci_hcd: USB 2.0 'Enhanced' Host Controller (EHCI) Driver
[    1.301041] ehci-pci: EHCI PCI platform driver
[    1.302775] ehci-platform: EHCI generic platform driver
[    1.304629] ohci_hcd: USB 1.1 'Open' Host Controller (OHCI) Driver
[    1.306885] ohci-pci: OHCI PCI platform driver
[    1.308557] ohci-platform: OHCI generic platform driver
[    1.310494] uhci_hcd: USB Universal Host Controller Interface driver
[    1.312748] i8042: PNP: PS/2 Controller [PNP0303:PS2K,PNP0f03:PS2M] at 0x60,0x64 irq 1,12
[    1.316900] serio: i8042 KBD port at 0x60,0x64 irq 1
[    1.319101] serio: i8042 AUX port at 0x60,0x64 irq 12
[    1.321438] mousedev: PS/2 mouse device common for all mice
[    1.324116] input: AT Translated Set 2 keyboard as /devices/platform/i8042/serio0/input/input2
[    1.328052] rtc_cmos rtc_cmos: rtc core: registered rtc_cmos as rtc0
[    1.330484] rtc_cmos rtc_cmos: alarms up to one day, 114 bytes nvram
[    1.332941] i2c /dev entries driver
[    1.334408] device-mapper: uevent: version 1.0.3
[    1.336205] device-mapper: ioctl: 4.34.0-ioctl (2015-10-28) initialised: dm-devel@redhat.com
[    1.339407] ledtrig-cpu: registered to indicate activity on CPUs
[    1.342353] NET: Registered protocol family 10
[    1.344282] NET: Registered protocol family 17
[    1.346135] Key type dns_resolver registered
[    1.348878] registered taskstats version 1
[    1.350594] Loading compiled-in X.509 certificates
[    1.352964] Loaded X.509 cert 'Build time autogenerated kernel key: 2501974cc66248a18f8fa54aaac948a5171f77fb'
[    1.356547] zswap: loaded using pool lzo/zbud
[    1.360188] Key type trusted registered
[    1.366029] Key type encrypted registered
[    1.367820] AppArmor: AppArmor sha1 policy hashing enabled
[    1.369840] ima: No TPM chip found, activating TPM-bypass!
[    1.371793] ima: Allocated hash algorithm: sha1
[    1.373632] evm: HMAC attrs: 0x1
[    1.375489]   Magic number: 8:155:341
[    1.377099] rtc_cmos rtc_cmos: setting system clock to 2020-02-28 17:18:08 UTC (1582910288)
[    1.380920] BIOS EDD facility v0.16 2004-Jun-25, 0 devices found
[    1.383836] EDD information not available.
[    1.446757] Freeing unused kernel memory: 1488K
[    1.449152] Write protecting the kernel read-only data: 14336k
[    1.452547] Freeing unused kernel memory: 1604K
[    1.456179] Freeing unused kernel memory: 64K
Loading, please wait...
starting version 229
[    1.491270] random: systemd-udevd: uninitialized urandom read (16 bytes read, 3 bits of entropy available)
[    1.494286] random: udevadm: uninitialized urandom read (16 bytes read, 3 bits of entropy available)
[    1.494364] random: udevadm: uninitialized urandom read (16 bytes read, 3 bits of entropy available)
[    1.518231] random: systemd-udevd: uninitialized urandom read (16 bytes read, 3 bits of entropy available)
[    1.521095] random: udevadm: uninitialized urandom read (16 bytes read, 3 bits of entropy available)
[    1.521291] random: udevadm: uninitialized urandom read (16 bytes read, 3 bits of entropy available)
[    1.522125] random: udevadm: uninitialized urandom read (16 bytes read, 3 bits of entropy available)
[    1.522625] random: udevadm: uninitialized urandom read (16 bytes read, 3 bits of entropy available)
[    1.522870] random: udevadm: uninitialized urandom read (16 bytes read, 3 bits of entropy available)
[    1.522969] random: udevadm: uninitialized urandom read (16 bytes read, 3 bits of entropy available)
[    1.607477] e1000: Intel(R) PRO/1000 Network Driver - version 7.3.21-k8-NAPI
[    1.610006] e1000: Copyright (c) 1999-2006 Intel Corporation.
[    1.612282] Fusion MPT base driver 3.04.20
[    1.614758] Copyright (c) 1999-2008 LSI Corporation
[    1.626745] Fusion MPT SPI Host driver 3.04.20
[    1.648814] AVX2 version of gcm_enc/dec engaged.
[    1.651067] AES CTR mode by8 optimization enabled
[    1.828348] input: ImExPS/2 Generic Explorer Mouse as /devices/platform/i8042/serio1/input/input4
[    2.113247] e1000 0000:00:03.0 eth0: (PCI:33MHz:32-bit) 02:28:e8:e3:81:d2
[    2.116410] e1000 0000:00:03.0 eth0: Intel(R) PRO/1000 Network Connection
[    2.122879] e1000 0000:00:03.0 enp0s3: renamed from eth0
[    2.125337] mptbase: ioc0: Initiating bringup
[    2.288505] ioc0: LSI53C1030 A0: Capabilities={Initiator}
[    3.181836] scsi host2: ioc0: LSI53C1030 A0, FwRev=00000000h, Ports=1, MaxQ=256, IRQ=20
[    4.111937] scsi 2:0:0:0: Direct-Access     VBOX     HARDDISK         1.0  PQ: 0 ANSI: 5
[    4.116269] scsi target2:0:0: Beginning Domain Validation
[    4.122109] scsi target2:0:0: Domain Validation skipping write tests
[    4.125519] scsi target2:0:0: Ending Domain Validation
[    4.128243] scsi target2:0:0: asynchronous
[    4.141622] scsi 2:0:1:0: Direct-Access     VBOX     HARDDISK         1.0  PQ: 0 ANSI: 5
[    4.144814] scsi target2:0:1: Beginning Domain Validation
[    4.149044] scsi target2:0:1: Domain Validation skipping write tests
[    4.151250] scsi target2:0:1: Ending Domain Validation
[    4.153145] scsi target2:0:1: asynchronous
[    4.163589] sd 2:0:0:0: [sda] 20971520 512-byte logical blocks: (10.7 GB/10.0 GiB)
[    4.163757] sd 2:0:0:0: Attached scsi generic sg0 type 0
[    4.164174] sd 2:0:1:0: Attached scsi generic sg1 type 0
[    4.164505] sd 2:0:1:0: [sdb] 20480 512-byte logical blocks: (10.5 MB/10.0 MiB)
[    4.164823] sd 2:0:1:0: [sdb] Write Protect is off
[    4.165014] sd 2:0:1:0: [sdb] Incomplete mode parameter data
[    4.165015] sd 2:0:1:0: [sdb] Assuming drive cache: write through
[    4.168002] sd 2:0:1:0: [sdb] Attached SCSI disk
[    4.183488] sd 2:0:0:0: [sda] Write Protect is off
[    4.185793] sd 2:0:0:0: [sda] Incomplete mode parameter data
[    4.188170] sd 2:0:0:0: [sda] Assuming drive cache: write through
[    4.194059]  sda: sda1
[    4.196877] sd 2:0:0:0: [sda] Attached SCSI disk
Begin: Loading essential drivers ... [    5.575865] md: linear personality registered for level -1
[    5.581070] md: multipath personality registered for level -4
[    5.586494] md: raid0 personality registered for level 0
[    5.594219] md: raid1 personality registered for level 1
[    5.669505] raid6: sse2x1   gen()  8967 MB/s
[    5.746843] raid6: sse2x1   xor()  7223 MB/s
[    5.815144] raid6: sse2x2   gen() 11179 MB/s
[    5.880842] raid6: sse2x2   xor()  6765 MB/s
[    5.948898] raid6: sse2x4   gen() 11902 MB/s
[    6.017512] raid6: sse2x4   xor()  9117 MB/s
[    6.084897] raid6: avx2x1   gen() 13463 MB/s
[    6.152948] raid6: avx2x2   gen()  7480 MB/s
[    6.220846] raid6: avx2x4   gen() 22036 MB/s
[    6.222633] raid6: using algorithm avx2x4 gen() 22036 MB/s
[    6.224892] raid6: using avx2x2 recovery algorithm
[    6.228592] xor: automatically using best checksumming function:
[    6.269088]    avx       : 24731.000 MB/sec
[    6.272626] async_tx: api initialized (async)
[    6.289816] md: raid6 personality registered for level 6
[    6.292131] md: raid5 personality registered for level 5
[    6.294273] md: raid4 personality registered for level 4
[    6.304086] md: raid10 personality registered for level 10
done.
Begin: Running /scripts/init-premount ... done.
Begin: Mounting root file system ... Begin: Running /scripts/local-top ... done.
Begin: Running /scripts/local-premount ... [    6.343414] Btrfs loaded
Scanning for Btrfs filesystems
done.
Warning: fsck not present, so skipping root file system
[    6.396618] EXT4-fs (sda1): mounted filesystem with ordered data mode. Opts: (null)
done.
Begin: Running /scripts/local-bottom ... done.
Begin: Running /scripts/init-bottom ... done.
[    6.667756] systemd[1]: systemd 229 running in system mode. (+PAM +AUDIT +SELINUX +IMA +APPARMOR +SMACK +SYSVINIT +UTMP +LIBCRYPTSETUP +GCRYPT +GNUTLS +ACL +XZ -LZ4 +SECCOMP +BLKID +ELFUTILS +KMOD -IDN)
[    6.674473] systemd[1]: Detected virtualization oracle.
[    6.676629] systemd[1]: Detected architecture x86-64.

Welcome to [1mUbuntu 16.04.6 LTS[0m!

[    6.685379] systemd[1]: Set hostname to <ubuntu>.
[    6.693714] systemd[1]: Initializing machine ID from random generator.
[    6.696188] systemd[1]: Installed transient /etc/machine-id file.
[    7.124729] systemd[1]: Listening on Device-mapper event daemon FIFOs.
[[0;32m  OK  [0m] Listening on Device-mapper event daemon FIFOs.
[    7.130372] systemd[1]: Started Forward Password Requests to Wall Directory Watch.
[[0;32m  OK  [0m] Started Forward Password Requests to Wall Directory Watch.
[    7.137023] systemd[1]: Reached target Swap.
[[0;32m  OK  [0m] Reached target Swap.
[    7.140497] systemd[1]: Reached target User and Group Name Lookups.
[[0;32m  OK  [0m] Reached target User and Group Name Lookups.
[    7.145391] systemd[1]: Listening on Journal Audit Socket.
[[0;32m  OK  [0m] Listening on Journal Audit Socket.
[    7.149675] systemd[1]: Reached target Encrypted Volumes.
[[0;32m  OK  [0m] Reached target Encrypted Volumes.
[    7.154072] systemd[1]: Listening on LVM2 metadata daemon socket.
[[0;32m  OK  [0m] Listening on LVM2 metadata daemon socket.
[    7.158849] systemd[1]: Listening on Syslog Socket.
[[0;32m  OK  [0m] Listening on Syslog Socket.
[    7.162736] systemd[1]: Listening on LVM2 poll daemon socket.
[[0;32m  OK  [0m] Listening on LVM2 poll daemon socket.
[    7.167430] systemd[1]: Created slice User and Session Slice.
[[0;32m  OK  [0m] Created slice User and Session Slice.
[    7.172091] systemd[1]: Listening on /dev/initctl Compatibility Named Pipe.
[[0;32m  OK  [0m] Listening on /dev/initctl Compatibility Named Pipe.
[    7.178000] systemd[1]: Set up automount Arbitrary Executable File Formats File System Automount Point.
[[0;32m  OK  [0m] Set up automount Arbitrary Executab...ats File System Automount Point.
[    7.185718] systemd[1]: Listening on Journal Socket (/dev/log).
[[0;32m  OK  [0m] Listening on Journal Socket (/dev/log).
[    7.191582] systemd[1]: Created slice System Slice.
[[0;32m  OK  [0m] Created slice System Slice.
[    7.196622] systemd[1]: Reached target Slices.
[[0;32m  OK  [0m] Reached target Slices.
[    7.200927] systemd[1]: Listening on Journal Socket.
[[0;32m  OK  [0m] Listening on Journal Socket.
[    7.217271] systemd[1]: Starting Nameserver information manager...
         Starting Nameserver information manager...
[    7.224732] systemd[1]: Starting Create list of required static device nodes for the current kernel...
         Starting Create list of required st... nodes for the current kernel...
[    7.242170] systemd[1]: Starting Load Kernel Modules...
         Starting Load Kernel Modules...
[    7.252151] systemd[1]: Starting Uncomplicated firewall...
         Starting Uncomplicated firewall...
[    7.264177] systemd[1]: Starting Remount Root and Kernel File Systems...
         Starting Remount Root and Kernel File Systems...
[    7.279135] systemd[1]: Mounting POSIX Message Queue File System...
[    7.287671] EXT4-fs (sda1): re-mounted. Opts: (null)
         Mounting POSIX Message Queue File System...
[    7.298171] Loading iSCSI transport class v2.0-870.
[    7.300197] systemd[1]: Starting Monitoring of LVM2 mirrors, snapshots etc. using dmeventd or progress polling...
         Starting Monitoring of LVM2 mirrors... dmeventd or progress polling...
[    7.317910] systemd[1]: Mounting Huge Pages File System...
         Mounting Huge Pages File System...
[    7.326359] systemd[1]: Listening on udev Control Socket.
[[0;32m  OK  [0m] Listening on udev Control Socket.
[    7.335844] systemd[1]: Mounting Debug File System...
         Mounting Debug File System...
[    7.341007] systemd[1]: Started Trigger resolvconf update for networkd DNS.
[[0;32m  OK  [0m] Started Trigger resolvconf update for networkd DNS.
[    7.348963] systemd[1]: Reached target System Time Synchronized.
[    7.351960] iscsi: registered transport (tcp)
[[0;32m  OK  [0m] Reached target System Time Synchronized.
[    7.377118] systemd[1]: Starting Journal Service...
         Starting Journal Service...
[    7.382469] systemd[1]: Created slice system-serial\x2dgetty.slice.
[[0;32m  OK  [0m] Created slice system-serial\x2dgetty.slice.
[    7.390641] systemd[1]: Starting Set console keymap...
         Starting Set console keymap...
[    7.395522] systemd[1]: Listening on udev Kernel Socket.
[[0;32m  OK  [0m] Listening on udev Kernel Socket.
[    7.403197] systemd[1]: Mounted POSIX Message Queue File System.
[[0;32m  OK  [0m] Mounted POSIX Message Queue File System.
[    7.410858] systemd[1]: Mounted Huge Pages File System.
[[0;32m  OK  [0m] Mounted Huge Pages File System.
[    7.419299] systemd[1]: Mounted Debug File System.
[[0;32m  OK  [0m] Mounted Debug File System.
[    7.425885] systemd[1]: Started Create list of required static device nodes for the current kernel.
[[0;32m  OK  [0m] Started Create list of required sta...ce nodes for the current kernel.
[    7.438100] systemd[1]: Started Uncomplicated firewall.
[    7.442310] iscsi: registered transport (iser)
[[0;32m  OK  [0m] Started Uncomplicated firewall.
[    7.449601] systemd[1]: Started Load Kernel Modules.
[[0;32m  OK  [0m] Started Load Kernel Modules.
[    7.454211] systemd[1]: Started Remount Root and Kernel File Systems.
[[0;32m  OK  [0m] Started Remount Root and Kernel File Systems.
[    7.469388] systemd[1]: Started Nameserver information manager.
[[0;32m  OK  [0m] Started Nameserver information manager.
[    7.476554] systemd[1]: Started Journal Service.
[[0;32m  OK  [0m] Started Journal Service.
[[0;32m  OK  [0m] Started Set console keymap.
[[0;32m  OK  [0m] Started LVM2 metadata daemon.
         Starting Flush Journal to Persistent Storage...
         Starting Load/Save Random Seed...
         Starting udev Coldplug all Devices...
         Starting Apply Kernel Variables...
         Mounting FUSE Control File System...
         Starting Create Static Device Nodes in /dev...
[[0;32m  OK  [0m] Started Load/Save Random Seed.
[[0;32m  OK  [0m] Mounted FUSE Control File System.
[    7.522508] systemd-journald[395]: Received request to flush runtime journal from PID 1
[[0;32m  OK  [0m] Started Flush Journal to Persistent Storage.
[[0;32m  OK  [0m] Started Apply Kernel Variables.
[[0;32m  OK  [0m] Started Create Static Device Nodes in /dev.
         Starting udev Kernel Device Manager...
[[0;32m  OK  [0m] Started udev Coldplug all Devices.
[[0;32m  OK  [0m] Started udev Kernel Device Manager.
[[0;32m  OK  [0m] Started Dispatch Password Requests to Console Directory Watch.
[[0;32m  OK  [0m] Started Monitoring of LVM2 mirrors,...ng dmeventd or progress polling.
[[0;32m  OK  [0m] Reached target Local File Systems (Pre).
[[0;32m  OK  [0m] Reached target Local File Systems.
         Starting LSB: AppArmor initialization...
         Starting Set console font and keymap...
         Starting Create Volatile Files and Directories...
         Starting Tell Plymouth To Write Out Runtime Data...
         Starting Initial cloud-init job (pre-networking)...
         Starting Commit a transient machine-id on disk...
[[0;32m  OK  [0m] Started Create Volatile Files and Directories.
         Starting Update UTMP about System Boot/Shutdown...
[[0;32m  OK  [0m] Started Tell Plymouth To Write Out Runtime Data.
[[0;32m  OK  [0m] Started Commit a transient machine-id on disk.
[[0;32m  OK  [0m] Started Update UTMP about System Boot/Shutdown.
[[0;32m  OK  [0m] Found device /dev/ttyS0.
[[0;32m  OK  [0m] Listening on Load/Save RF Kill Switch Status /dev/rfkill Watch.
[[0;32m  OK  [0m] Started LSB: AppArmor initialization.
[    9.382863] cloud-init[494]: Cloud-init v. 19.4-33-gbb4131a2-0ubuntu1~16.04.1 running 'init-local' at Fri, 28 Feb 2020 17:18:16 +0000. Up 8.90 seconds.
[[0;32m  OK  [0m] Started Initial cloud-init job (pre-networking).
[[0;32m  OK  [0m] Reached target Network (Pre).
         Starting Raise network interfaces...
[[0;32m  OK  [0m] Started Set console font and keymap.
[[0;32m  OK  [0m] Created slice system-getty.slice.
[[0;32m  OK  [0m] Started Raise network interfaces.
[[0;32m  OK  [0m] Reached target Network.
         Starting Initial cloud-init job (metadata service crawler)...
[   11.846614] cloud-init[953]: Cloud-init v. 19.4-33-gbb4131a2-0ubuntu1~16.04.1 running 'init' at Fri, 28 Feb 2020 17:18:18 +0000. Up 10.70 seconds.
[   11.853071] cloud-init[953]: ci-info: ++++++++++++++++++++++++++++++++++++++Net device info++++++++++++++++++++++++++++++++++++++
[   11.858888] cloud-init[953]: ci-info: +--------+------+----------------------------+---------------+--------+-------------------+
[   11.865275] cloud-init[953]: ci-info: | Device |  Up  |          Address           |      Mask     | Scope  |     Hw-Address    |
[   11.869529] cloud-init[953]: ci-info: +--------+------+----------------------------+---------------+--------+-------------------+
[   11.875976] cloud-init[953]: ci-info: | enp0s3 | True |         10.0.2.15          | 255.255.255.0 | global | 02:28:e8:e3:81:d2 |
[   11.891769] cloud-init[953]: ci-info: | enp0s3 | True | fe80::28:e8ff:fee3:81d2/64 |       .       |  link  | 02:28:e8:e3:81:d2 |
[   11.908772] cloud-init[953]: ci-info: |   lo   | True |         127.0.0.1          |   255.0.0.0   |  host  |         .         |
[   11.926823] cloud-init[953]: ci-info: |   lo   | True |          ::1/128           |       .       |  host  |         .         |
[   11.944621] cloud-init[953]: ci-info: +--------+------+----------------------------+---------------+--------+-------------------+
[   11.965325] cloud-init[953]: ci-info: +++++++++++++++++++++++++++Route IPv4 info++++++++++++++++++++++++++++
[   11.977744] cloud-init[953]: ci-info: +-------+-------------+----------+---------------+-----------+-------+
[   11.982495] cloud-init[953]: ci-info: | Route | Destination | Gateway  |    Genmask    | Interface | Flags |
[   11.988433] cloud-init[953]: ci-info: +-------+-------------+----------+---------------+-----------+-------+
[   11.993276] cloud-init[953]: ci-info: |   0   |   0.0.0.0   | 10.0.2.2 |    0.0.0.0    |   enp0s3  |   UG  |
[   11.998308] cloud-init[953]: ci-info: |   1   |   10.0.2.0  | 0.0.0.0  | 255.255.255.0 |   enp0s3  |   U   |
[   12.003558] cloud-init[953]: ci-info: +-------+-------------+----------+---------------+-----------+-------+
[   12.009027] cloud-init[953]: ci-info: +++++++++++++++++++Route IPv6 info+++++++++++++++++++
[   12.013532] cloud-init[953]: ci-info: +-------+-------------+---------+-----------+-------+
[   12.018760] cloud-init[953]: ci-info: | Route | Destination | Gateway | Interface | Flags |
[   12.022308] cloud-init[953]: ci-info: +-------+-------------+---------+-----------+-------+
[   12.026808] cloud-init[953]: ci-info: |   0   |  fe80::/64  |    ::   |   enp0s3  |   U   |
[   12.031056] cloud-init[953]: ci-info: |   3   |   ff00::/8  |    ::   |   enp0s3  |   U   |
[   12.035579] cloud-init[953]: ci-info: +-------+-------------+---------+-----------+-------+
[   12.041659] cloud-init[953]: Generating public/private rsa key pair.
[   12.048614] cloud-init[953]: Your identification has been saved in /etc/ssh/ssh_host_rsa_key.
[   12.061350] cloud-init[953]: Your public key has been saved in /etc/ssh/ssh_host_rsa_key.pub.
[   12.071449] cloud-init[953]: The key fingerprint is:
[   12.079770] cloud-init[953]: SHA256:uX7p2+0K7f48xqkNfIstEcGeNotLtBxwxB+PCKdPBbA root@ubuntu-xenial
[   12.093771] cloud-init[953]: The key's randomart image is:
[   12.101485] cloud-init[953]: +---[RSA 2048]----+
[   12.108393] cloud-init[953]: |        .+oo     |
[   12.115121] cloud-init[953]: |        o.+ =    |
[   12.121638] cloud-init[953]: |        E* = *   |
[   12.129609] cloud-init[953]: |        ..= O .  |
[   12.136596] cloud-init[953]: |        S= = +   |
[   12.141535] cloud-init[953]: |         .*oo    |
[   12.144081] cloud-init[953]: |        ...o+o.. |
[   12.146730] cloud-init[953]: |       .  ++.O=. |
[   12.157135] cloud-init[953]: |        .oooBBO. |
[   12.164953] cloud-init[953]: +----[SHA256]-----+
[   12.176926] cloud-init[953]: Generating public/private dsa key pair.
[   12.179816] cloud-init[953]: Your identification has been saved in /etc/ssh/ssh_host_dsa_key.
[   12.183113] cloud-init[953]: Your public key has been saved in /etc/ssh/ssh_host_dsa_key.pub.
[[0;32m  OK  [0m] Started Initial cloud-init job (metadata service crawler).
[[0;32m  OK  [0m] Reached target System Initialization.
[   12.193954] cloud-init[953]: The key fingerprint is:
         Starting LXD - unix socket.
[   12.202681] [[0;32m  OK  [0m] Started Daily Cleanup of Temporary Directories.
         Starting Socket activation for snappy daemon.
cloud-init[953]: SHA256:nN9OB6UzFItGkvsuKJmMKjCJGzmcUFnCOLMoxQMHN6E root@ubuntu-xenial
[   12.214823] [[0;32m  OK  [0m] Started ACPI Events Check.
[[0;32m  OK  [0m] Reached target Paths.
cloud-init[953]: The key's randomart image is:
[   12.221143] [cloud-init[0;32m  OK  [0m[953]: ] +---[DSA 1024]----+Started Message of the Day.

[[0;32m  OK  [0m] Listening on UUID daemon activation socket.
[   12.224984] [cloud-init[0;32m  OK  [0m[953]: ] |o**+.   ... .    |Started Daily apt download activities.

[[0;32m  OK  [0m] Started Daily apt upgrade and clean activities.
[[0;32m  OK  [0m] Reached target Timers.
[[0;32m  OK  [0m] Listening on ACPID Listen Socket.
[[0;32m  OK  [0m] Listening on D-Bus System Message Bus Socket.
[[0;32m  OK  [0m] Reached target Cloud-config availability.
[[0;32m  OK  [0m] Reached target Network is Online.
[   12.241397] cloud-init[953]: |++Bo    .o . o   |
[   12.257717] cloud-init[953]: |E* .     .o o .  |
         Starting iSCSI initiator daemon (iscsid)...
[[0;32m  OK  [0m] Listening on LXD - unix socket.
[[0;32m  OK  [0m] Listening on Socket activation for snappy daemon.
[   12.271701] cloud-init[953]: |=      ..o . o   |
[[0;32m  OK  [0m] Reached target Sockets.
[[0;32m  OK  [0m] Reached target Basic System.
[   12.290479] cloud-init[953]: |=o.     S.  =    |
         Starting LSB: MD monitoring daemon...
[   12.296584] cloud-init[953]: |Oo       ... +   |
         Starting LXD - container startup/shutdown...
[   12.321235]          Starting Virtualbox guest utils...
cloud-init[953]: |.= o o . .. o .  |
[   12.331336] [[0;32m  OK  [0m] Started Regular background program processing daemon.
[cloud-init[953]: |o . = . . .o .   |
[0;32m  OK  [0m] Started D-Bus System Message Bus.
[   12.342470] cloud-init[953]: |o.   .   .  .    |
[   12.361616] cloud-init[953]: +----[SHA256]-----+
[   12.372489] cloud-init[953]: Generating public/private ecdsa key pair.
[   12.380744] cloud-init[953]: Your identification has been saved in /etc/ssh/ssh_host_ecdsa_key.
[   12.386278] cloud-init[953]: Your public key has been saved in /etc/ssh/ssh_host_ecdsa_key.pub.
[   12.390937] cloud-init[953]: The key fingerprint is:
[   12.394510] cloud-init[953]: SHA256:lb1lv9aICg6eFwWqpfClnCUHNMHewlQNV9kqhhr+bdY root@ubuntu-xenial
[   12.401059] cloud-init[953]: The key's randomart image is:
[   12.404981] cloud-init[953]: +---[ECDSA 256]---+
[   12.409140] cloud-init[953]: |   o+ooo...o     |
[   12.412631] cloud-init[953]: |    +. .o .o.    |
[   12.416723] cloud-init[953]: |   + o o .o.. o  |
[   12.419578] cloud-init[953]: |  . * O o.o  + . |
[   12.428820] cloud-init[953]: |   = # .So  .   .|
[   12.432981] cloud-init[953]: |    X   .    . .o|
[   12.437159] cloud-init[953]: |     ....o  . .o.|
[   12.447025] [cloud-init[0;32m  OK  [0m[953]: ] |     ..+=.E.  .  |Started FUSE filesystem for LXC.

         Starting Accounts Service...
[   12.456707] cloud-init[953]: |      o+. .      |
[   12.472462] cloud-init[953]: +----[SHA256]-----+
[[0;32m  OK  [0m] Started ACPI event daemon.
         Starting Login Service...
[   12.482241] cloud-init[953]: Generating public/private ed25519 key pair.
         Starting Pollinate to seed the pseudo random number generator...
[   12.499256] cloud-init[953]: Your identification has been saved in /etc/ssh/ssh_host_ed25519_key.
[   12.514375]          Starting LSB: Record successful boot for GRUB...
         Starting System Logging Service...
         Starting /etc/rc.local Compatibility...
[[0;32m  OK  [0m] Started Deferred execution scheduler.
         Starting Snappy daemon...
cloud-init[[0;32m  OK  [0m] Started /etc/rc.local Compatibility.
[953]: [[0;32m  OK  [0m] Started Login Service.
Your public key has been saved in /etc/ssh/ssh_host_ed25519_key.pub.[[0;32m  OK  [0m] Started Unattended Upgrades Shutdown.
[[0;32m  OK  [0m] Started iSCSI initiator daemon (iscsid).
         Starting Login to default iSCSI targets...

[   12.598926] cloud-init[953]: The key fingerprint is:
[   12.623808] cloud-init[953]: SHA256:f0KRaDFrcZot2W6Eoqw2K49va/8RJWPXS7glPf+2Jqw root@ubuntu-xenial
[   12.633737] cloud-init[953]: The key's randomart image is:
[[0;32m  OK  [0m] Started LSB: MD monitoring daemon.
[[0;32m  OK  [0m] Started Login to default iSCSI targets.
[[0;32m  OK  [0m] Started System Logging Service.
[[0;32m  OK  [0m] Reached target Remote File Systems (Pre).
[[0;32m  OK  [0m] Reached target Remote File Systems.
[   12.683532] cloud-init[953]: +--[ED25519 256]--+
         Starting Permit User Sessions...
         Starting LSB: Set the CPU Frequency Scaling governor to "ondemand"...
[   12.725883] cloud-init         Starting LSB: daemon to balance interrupts for SMP systems...
         Starting LSB: automatic crash report generation...
[[0;32m  OK  [0m] Started Permit User Sessions.
         Starting Terminate Plymouth Boot Screen...
         Starting Hold until boot process finishes up...
[953]: |        + .      |
[   12.810205] cloud-init[953]: |         ^ .     |
[   12.821171] cloud-init[953]: |      = / %      |
[   12.826889] cloud-init[953]: |   . o O O =     |
[   12.844329] cloud-init[953]: |    o . S = .    |
[[0;32m  OK  [0m] Started LXD - container startup/shutdown.
[   12.853431] cloud-init[953]: |   .   . +   .   |
[[0;32m  OK  [0m] Started Hold until boot process finishes up.
[   12.932325] cloud-init[953]: [[0;32m  OK  [0m] Started LSB: Record successful boot for GRUB.
|  +   .   o.. o  |
[   13.001382] cloud-init[[953]: [0;32m  OK  [0m|.ooo   .   oo... |] 
Started Terminate Plymouth Boot Screen.
[   13.009609] cloud-init[953]: |.*=o...   E. o.  |
[   13.020324] cloud-init[953]: +----[SHA256]-----+
         Starting Authenticate and Authorize Users to Run Privileged Tasks...
[[0;32m  OK  [0m] Started Serial Getty on ttyS0.
[[0;32m  OK  [0m] Started Getty on tty1.
[[0;32m  OK  [0m] Reached target Login Prompts.
         Starting Set console scheme...
[[0;32m  OK  [0m] Started LSB: Set the CPU Frequency Scaling governor to "ondemand".
[[0;32m  OK  [0m] Started LSB: automatic crash report generation.
[[0;32m  OK  [0m] Started Set console scheme.
[[0;32m  OK  [0m] Started Virtualbox guest utils.
[[0;32m  OK  [0m] Started LSB: daemon to balance interrupts for SMP systems.
[[0;32m  OK  [0m] Started Authenticate and Authorize Users to Run Privileged Tasks.
[[0;32m  OK  [0m] Started Accounts Service.
[[0;32m  OK  [0m] Started Snappy daemon.
         Starting Wait until snapd is fully seeded...
[[0;32m  OK  [0m] Started Pollinate to seed the pseudo random number generator.
         Starting OpenBSD Secure Shell server...
[[0;32m  OK  [0m] Started OpenBSD Secure Shell server.
[[0;32m  OK  [0m] Created slice User Slice of vagrant.
         Starting User Manager for UID 1000...
[[0;32m  OK  [0m] Started Session 1 of user vagrant.
[[0;32m  OK  [0m] Started User Manager for UID 1000.
[[0;32m  OK  [0m] Started Wait until snapd is fully seeded.
         Starting Apply the settings specified in cloud-config...
[[0;32m  OK  [0m] Reached target Multi-User System.
[[0;32m  OK  [0m] Reached target Graphical Interface.
         Starting Update UTMP about System Runlevel Changes...
[[0;32m  OK  [0m] Started Update UTMP about System Runlevel Changes.
[   15.198417] cloud-init[1346]: Generating locales (this might take a while)...
[   16.826436] cloud-init[1346]:   en_US.UTF-8... done
[   16.829986] cloud-init[1346]: Generation complete.
         Stopping User Manager for UID 1000...
[[0;32m  OK  [0m] Stopped User Manager for UID 1000.
[[0;32m  OK  [0m] Removed slice User Slice of vagrant.
[   17.476041] cloud-init[1346]: Cloud-init v. 19.4-33-gbb4131a2-0ubuntu1~16.04.1 running 'modules:config' at Fri, 28 Feb 2020 17:18:22 +0000. Up 14.95 seconds.
[[0;32m  OK  [0m] Started Apply the settings specified in cloud-config.
         Starting Execute cloud user/final scripts...
[[0;32m  OK  [0m] Created slice User Slice of vagrant.
         Starting User Manager for UID 1000...
[[0;32m  OK  [0m] Started Session 2 of user vagrant.
[[0;32m  OK  [0m] Started User Manager for UID 1000.
ci-info: no authorized SSH keys fingerprints found for user ubuntu.
<14>Feb 28 17:18:25 ec2: 
<14>Feb 28 17:18:25 ec2: #############################################################
<14>Feb 28 17:18:25 ec2: -----BEGIN SSH HOST KEY FINGERPRINTS-----
<14>Feb 28 17:18:25 ec2: 1024 SHA256:nN9OB6UzFItGkvsuKJmMKjCJGzmcUFnCOLMoxQMHN6E root@ubuntu-xenial (DSA)
<14>Feb 28 17:18:25 ec2: 256 SHA256:lb1lv9aICg6eFwWqpfClnCUHNMHewlQNV9kqhhr+bdY root@ubuntu-xenial (ECDSA)
<14>Feb 28 17:18:25 ec2: 256 SHA256:f0KRaDFrcZot2W6Eoqw2K49va/8RJWPXS7glPf+2Jqw root@ubuntu-xenial (ED25519)
<14>Feb 28 17:18:25 ec2: 2048 SHA256:uX7p2+0K7f48xqkNfIstEcGeNotLtBxwxB+PCKdPBbA root@ubuntu-xenial (RSA)
<14>Feb 28 17:18:25 ec2: -----END SSH HOST KEY FINGERPRINTS-----
<14>Feb 28 17:18:25 ec2: #############################################################
-----BEGIN SSH HOST KEY KEYS-----
ecdsa-sha2-nistp256 AAAAE2VjZHNhLXNoYTItbmlzdHAyNTYAAAAIbmlzdHAyNTYAAABBBIa/R9Ot+xSpPZ03ZFFm86O2/9UUPRJepUdNMtBHaDfBVW/Lj8ealul5gHMMC+pVv4NP2A76ahMiqX8RMtdaYaw= root@ubuntu-xenial
ssh-ed25519 AAAAC3NzaC1lZDI1NTE5AAAAIOhd/p2QmkGKGnvLWb0JkiBinGy34rYPFomXLvPogqD7 root@ubuntu-xenial
ssh-rsa AAAAB3NzaC1yc2EAAAADAQABAAABAQDSArPmF9IoPQFxSXBOhzuH8fQTXAAZ3jWkLWxqhZ6qxq1SAZGz/afg8hDZ8yzDmlTA63ZWZjn7Tv7ZIZP5TviURWOl2u7hku6cyLAoqg1GQmQgvG2pj3/zA+KrcVSnr7ABcvsOiEFd+benCMGQxA5fT2mKk813ybaZBb1xHhEY5vOZJ3heq1HxO2OelpbR0c7gbixGNMMX33CA+5PzdtSmPc7AZL77ASr2BTGo0OGdsT7o0lAWl5cQ8iEfPEXCn2WAHSsttGnTPJkO7U5tNh0HjNjj0fNUyXE0JzVvAGwOUka/2+orWqkZLWAsoD84zA6fPKvLr4AO7x8Eaa3hT/tT root@ubuntu-xenial
-----END SSH HOST KEY KEYS-----
[   18.402884] cloud-init[1584]: Cloud-init v. 19.4-33-gbb4131a2-0ubuntu1~16.04.1 running 'modules:final' at Fri, 28 Feb 2020 17:18:25 +0000. Up 18.13 seconds.
[   18.403190] cloud-init[1584]: ci-info: no authorized SSH keys fingerprints found for user ubuntu.
[   18.411935] cloud-init[1584]: Cloud-init v. 19.4-33-gbb4131a2-0ubuntu1~16.04.1 finished at Fri, 28 Feb 2020 17:18:25 +0000. Datasource DataSourceNoCloud [seed=/dev/sdb][dsmode=net].  Up 18.39 seconds

Ubuntu 16.04.6 LTS ubuntu-xenial ttyS0

ubuntu-xenial login: 